{
  "__wasilibc_populate_preopens": 178,
  "malloc": 6,
  "dlmalloc": 174048,
  "sbrk": 359,
  "calloc": 58,
  "memset": 58352571,
  "memcpy": 340,
  "free": 1178,
  "dlfree": 209530,
  "__wasm_call_ctors": 1,
  "__original_main": 38,
  "fopen": 32,
  "memchr": 240,
  "__fmodeflags": 71,
  "strchr": 84,
  "__strchrnul": 432,
  "__wasilibc_open_nomode": 40,
  "__wasilibc_find_relpath": 138,
  "strlen": 740649,
  "__wasilibc_openat_nomode": 150,
  "__fdopen": 124,
  "__isatty": 44,
  "__ofl_add": 23,
  "__ofl_lock": 4,
  "__ofl_unlock": 1,
  "sodium_init": 74,
  "_sodium_runtime_get_cpu_features": 2,
  "randombytes_init_if_needed": 36,
  "randombytes_sysrandom_stir": 2,
  "randombytes_stir": 12,
  "_sodium_alloc_init": 28,
  "sysconf": 76,
  "randombytes_buf": 13,
  "randombytes_sysrandom_buf": 3,
  "arc4random_buf": 109,
  "__getentropy": 16,
  "chacha20_rng": 156,
  "chacha20_update": 46314,
  "_crypto_pwhash_argon2_pick_best_implementation": 2,
  "blake2b_pick_best_implementation": 2,
  "_crypto_generichash_blake2b_pick_best_implementation": 2,
  "_crypto_onetimeauth_poly1305_pick_best_implementation": 2,
  "_crypto_scalarmult_curve25519_pick_best_implementation": 2,
  "_crypto_stream_chacha20_pick_best_implementation": 2,
  "_crypto_stream_salsa20_pick_best_implementation": 2,
  "sodium_malloc": 122304,
  "posix_memalign": 39984,
  "internal_memalign": 182280,
  "dispose_chunk": 238608,
  "xmain": 32606,
  "sodium_hex2bin": 6522104,
  "crypto_aead_chacha20poly1305_ietf_decrypt_detached": 24780,
  "crypto_stream_chacha20_ietf": 2774,
  "stream_ietf_ext_ref": 15330,
  "chacha20_encrypt_bytes": 1626358,
  "sodium_memzero": 2502,
  "explicit_bzero": 8532,
  "crypto_onetimeauth_poly1305_init": 1168,
  "crypto_onetimeauth_poly1305_donna_init": 26864,
  "crypto_onetimeauth_poly1305_update": 7884,
  "crypto_onetimeauth_poly1305_donna_update": 4380,
  "poly1305_update": 212658,
  "poly1305_blocks": 387856,
  "crypto_onetimeauth_poly1305_final": 1168,
  "crypto_onetimeauth_poly1305_donna_final": 584,
  "poly1305_finish": 56064,
  "crypto_verify_16": 126728,
  "crypto_stream_chacha20_ietf_xor_ic": 4028,
  "stream_ietf_ext_ref_xor_ic": 10340,
  "strcmp": 32226,
  "memcmp": 231918,
  "sodium_free": 973728,
  "fwrite": 86,
  "__towrite": 56,
  "_start": 10,
  "dummy": 1,
  "__stdio_exit": 102,
  "__stdio_write": 86,
  "writev": 47,
  "__prepare_for_exit": 1
}
