{
  "__wasilibc_populate_preopens": 178,
  "malloc": 6,
  "dlmalloc": 5837,
  "sbrk": 320,
  "calloc": 58,
  "memset": 1048920,
  "memcpy": 190519,
  "free": 16,
  "dlfree": 2752,
  "__wasm_call_ctors": 1,
  "__original_main": 38,
  "fopen": 32,
  "memchr": 240,
  "__fmodeflags": 71,
  "strchr": 84,
  "__strchrnul": 432,
  "__wasilibc_open_nomode": 40,
  "__wasilibc_find_relpath": 138,
  "strlen": 339,
  "__wasilibc_openat_nomode": 150,
  "__fdopen": 124,
  "__isatty": 44,
  "__ofl_add": 23,
  "__ofl_lock": 4,
  "__ofl_unlock": 1,
  "sodium_init": 74,
  "_sodium_runtime_get_cpu_features": 2,
  "randombytes_init_if_needed": 60,
  "randombytes_sysrandom_stir": 2,
  "randombytes_stir": 12,
  "_sodium_alloc_init": 28,
  "sysconf": 76,
  "randombytes_buf": 26,
  "randombytes_sysrandom_buf": 6,
  "arc4random_buf": 291,
  "__getentropy": 16,
  "chacha20_rng": 156,
  "chacha20_update": 46314,
  "_crypto_pwhash_argon2_pick_best_implementation": 2,
  "blake2b_pick_best_implementation": 2,
  "_crypto_generichash_blake2b_pick_best_implementation": 2,
  "_crypto_onetimeauth_poly1305_pick_best_implementation": 2,
  "_crypto_scalarmult_curve25519_pick_best_implementation": 2,
  "_crypto_stream_chacha20_pick_best_implementation": 2,
  "_crypto_stream_salsa20_pick_best_implementation": 2,
  "sodium_malloc": 1456,
  "posix_memalign": 476,
  "internal_memalign": 2170,
  "dispose_chunk": 2722,
  "xmain": 27667,
  "crypto_aead_xchacha20poly1305_ietf_encrypt": 114,
  "crypto_aead_xchacha20poly1305_ietf_encrypt_detached": 817,
  "crypto_core_hchacha20": 669480,
  "crypto_stream_chacha20_ietf_ext": 2660,
  "stream_ietf_ext_ref": 14700,
  "chacha20_encrypt_bytes": 838532,
  "sodium_memzero": 2532,
  "explicit_bzero": 5106,
  "crypto_onetimeauth_poly1305_init": 1120,
  "crypto_onetimeauth_poly1305_donna_init": 25760,
  "crypto_onetimeauth_poly1305_update": 7560,
  "crypto_onetimeauth_poly1305_donna_update": 4200,
  "poly1305_update": 323680,
  "poly1305_blocks": 661605,
  "crypto_stream_chacha20_ietf_ext_xor_ic": 168,
  "stream_ietf_ext_ref_xor_ic": 792,
  "crypto_onetimeauth_poly1305_final": 1120,
  "crypto_onetimeauth_poly1305_donna_final": 560,
  "poly1305_finish": 53760,
  "crypto_aead_xchacha20poly1305_ietf_abytes": 6,
  "fprintf": 9360,
  "vfprintf": 68642,
  "printf_core": 696396,
  "__towrite": 56,
  "__fwritex": 95730,
  "pop_arg": 13260,
  "fputc": 1938,
  "memcmp": 23190,
  "crypto_aead_xchacha20poly1305_ietf_decrypt": 5776,
  "crypto_aead_xchacha20poly1305_ietf_decrypt_detached": 29807,
  "crypto_verify_16": 118048,
  "__stdio_write": 172,
  "writev": 94,
  "randombytes_uniform": 51,
  "arc4random": 25,
  "randombytes_sysrandom": 2,
  "crypto_aead_xchacha20poly1305_ietf_keygen": 3,
  "sodium_free": 11592,
  "crypto_aead_xchacha20poly1305_ietf_keybytes": 2,
  "crypto_aead_xchacha20poly1305_ietf_npubbytes": 2,
  "crypto_aead_xchacha20poly1305_ietf_nsecbytes": 4,
  "crypto_aead_xchacha20poly1305_ietf_messagebytes_max": 2,
  "_start": 10,
  "dummy": 1,
  "__stdio_exit": 102,
  "__prepare_for_exit": 1
}
