{
  "__wasilibc_populate_preopens": 178,
  "malloc": 6,
  "dlmalloc": 6402,
  "sbrk": 281,
  "calloc": 58,
  "memset": 1388060,
  "memcpy": 211512,
  "free": 22,
  "dlfree": 4232,
  "__wasm_call_ctors": 1,
  "__original_main": 38,
  "fopen": 32,
  "memchr": 240,
  "__fmodeflags": 71,
  "strchr": 84,
  "__strchrnul": 386,
  "__wasilibc_open_nomode": 40,
  "__wasilibc_find_relpath": 138,
  "strlen": 323,
  "__wasilibc_openat_nomode": 150,
  "__fdopen": 124,
  "__isatty": 44,
  "__ofl_add": 23,
  "__ofl_lock": 4,
  "__ofl_unlock": 1,
  "sodium_init": 74,
  "_sodium_runtime_get_cpu_features": 2,
  "randombytes_init_if_needed": 68,
  "randombytes_sysrandom_stir": 2,
  "randombytes_stir": 12,
  "_sodium_alloc_init": 28,
  "sysconf": 76,
  "randombytes_buf": 13,
  "randombytes_sysrandom_buf": 3,
  "arc4random_buf": 291,
  "__getentropy": 16,
  "chacha20_rng": 156,
  "chacha20_update": 46314,
  "_crypto_pwhash_argon2_pick_best_implementation": 2,
  "blake2b_pick_best_implementation": 2,
  "_crypto_generichash_blake2b_pick_best_implementation": 2,
  "_crypto_onetimeauth_poly1305_pick_best_implementation": 2,
  "_crypto_scalarmult_curve25519_pick_best_implementation": 2,
  "_crypto_stream_chacha20_pick_best_implementation": 2,
  "_crypto_stream_salsa20_pick_best_implementation": 2,
  "sodium_malloc": 2080,
  "posix_memalign": 680,
  "internal_memalign": 3100,
  "dispose_chunk": 3913,
  "xmain": 33636,
  "crypto_aead_chacha20poly1305_encrypt": 114,
  "crypto_aead_chacha20poly1305_encrypt_detached": 497,
  "crypto_stream_chacha20": 665,
  "stream_ref": 3325,
  "chacha20_encrypt_bytes": 1063298,
  "sodium_memzero": 2634,
  "explicit_bzero": 5328,
  "crypto_onetimeauth_poly1305_init": 1392,
  "crypto_onetimeauth_poly1305_donna_init": 32016,
  "crypto_onetimeauth_poly1305_update": 8766,
  "crypto_onetimeauth_poly1305_donna_update": 4870,
  "poly1305_update": 381265,
  "poly1305_blocks": 714693,
  "crypto_stream_chacha20_xor_ic": 168,
  "stream_ref_xor_ic": 856,
  "crypto_onetimeauth_poly1305_final": 1392,
  "crypto_onetimeauth_poly1305_donna_final": 696,
  "poly1305_finish": 68461,
  "fprintf": 11232,
  "vfprintf": 82370,
  "printf_core": 835572,
  "__towrite": 56,
  "__fwritex": 113700,
  "pop_arg": 15912,
  "fputc": 2394,
  "crypto_aead_chacha20poly1305_abytes": 4,
  "memcmp": 25684,
  "crypto_aead_chacha20poly1305_decrypt": 1313,
  "crypto_aead_chacha20poly1305_decrypt_detached": 4176,
  "crypto_verify_16": 144088,
  "randombytes_uniform": 102,
  "arc4random": 50,
  "randombytes_sysrandom": 4,
  "sodium_free": 16560,
  "crypto_aead_chacha20poly1305_keybytes": 6,
  "crypto_aead_chacha20poly1305_npubbytes": 6,
  "crypto_aead_chacha20poly1305_nsecbytes": 6,
  "crypto_aead_chacha20poly1305_messagebytes_max": 4,
  "crypto_aead_chacha20poly1305_ietf_encrypt": 114,
  "crypto_aead_chacha20poly1305_ietf_encrypt_detached": 633,
  "crypto_stream_chacha20_ietf": 2641,
  "stream_ietf_ext_ref": 14595,
  "crypto_stream_chacha20_ietf_xor_ic": 304,
  "stream_ietf_ext_ref_xor_ic": 792,
  "crypto_aead_chacha20poly1305_ietf_abytes": 4,
  "__stdio_write": 258,
  "writev": 141,
  "crypto_aead_chacha20poly1305_ietf_decrypt": 5681,
  "crypto_aead_chacha20poly1305_ietf_decrypt_detached": 22806,
  "crypto_aead_chacha20poly1305_ietf_keybytes": 4,
  "crypto_aead_chacha20poly1305_ietf_npubbytes": 4,
  "crypto_aead_chacha20poly1305_ietf_nsecbytes": 4,
  "crypto_aead_chacha20poly1305_ietf_messagebytes_max": 2,
  "_start": 10,
  "dummy": 1,
  "__stdio_exit": 102,
  "__prepare_for_exit": 1
}
