{
  "__wasilibc_populate_preopens": 178,
  "malloc": 6,
  "dlmalloc": 2291,
  "sbrk": 86,
  "calloc": 58,
  "memset": 21870708,
  "memcpy": 4007549,
  "free": 4,
  "dlfree": 243,
  "__wasm_call_ctors": 1,
  "__original_main": 38,
  "fopen": 32,
  "memchr": 240,
  "__fmodeflags": 71,
  "strchr": 84,
  "__strchrnul": 386,
  "__wasilibc_open_nomode": 40,
  "__wasilibc_find_relpath": 138,
  "strlen": 199,
  "__wasilibc_openat_nomode": 150,
  "__fdopen": 124,
  "__isatty": 44,
  "__ofl_add": 23,
  "__ofl_lock": 4,
  "__ofl_unlock": 1,
  "sodium_init": 74,
  "_sodium_runtime_get_cpu_features": 2,
  "randombytes_init_if_needed": 9644,
  "randombytes_sysrandom_stir": 2,
  "randombytes_stir": 12,
  "_sodium_alloc_init": 28,
  "sysconf": 76,
  "randombytes_buf": 15621,
  "randombytes_sysrandom_buf": 3603,
  "arc4random_buf": 363087,
  "__getentropy": 16,
  "chacha20_rng": 63648,
  "chacha20_update": 18896112,
  "_crypto_pwhash_argon2_pick_best_implementation": 2,
  "blake2b_pick_best_implementation": 2,
  "_crypto_generichash_blake2b_pick_best_implementation": 2,
  "_crypto_onetimeauth_poly1305_pick_best_implementation": 2,
  "_crypto_scalarmult_curve25519_pick_best_implementation": 2,
  "_crypto_stream_chacha20_pick_best_implementation": 2,
  "_crypto_stream_salsa20_pick_best_implementation": 2,
  "sodium_malloc": 208,
  "posix_memalign": 68,
  "internal_memalign": 310,
  "dispose_chunk": 313,
  "xmain": 71967,
  "crypto_auth_keygen": 1803,
  "crypto_auth_hmacsha512": 34257,
  "crypto_auth_hmacsha512_init": 5436000,
  "crypto_hash_sha512_init": 432000,
  "crypto_hash_sha512_update": 41816748,
  "SHA512_Transform": 229806080,
  "sodium_memzero": 70464,
  "explicit_bzero": 140934,
  "crypto_hash_sha512_final": 5656256,
  "crypto_auth_hmacsha512_verify": 165508,
  "crypto_verify_64": 6051836,
  "sodium_memcmp": 5598488,
  "arc4random": 59900,
  "sodium_free": 1656,
  "_start": 10,
  "dummy": 1,
  "__stdio_exit": 96,
  "__prepare_for_exit": 1
}
