{
  "__wasilibc_populate_preopens": 178,
  "malloc": 6,
  "dlmalloc": 2291,
  "sbrk": 86,
  "calloc": 58,
  "memset": 191753,
  "memcpy": 133618,
  "free": 4,
  "dlfree": 243,
  "__wasm_call_ctors": 1,
  "__original_main": 38,
  "fopen": 32,
  "memchr": 240,
  "__fmodeflags": 71,
  "strchr": 84,
  "__strchrnul": 322,
  "__wasilibc_open_nomode": 40,
  "__wasilibc_find_relpath": 138,
  "strlen": 180,
  "__wasilibc_openat_nomode": 150,
  "__fdopen": 124,
  "__isatty": 44,
  "__ofl_add": 23,
  "__ofl_lock": 4,
  "__ofl_unlock": 1,
  "sodium_init": 74,
  "_sodium_runtime_get_cpu_features": 2,
  "randombytes_init_if_needed": 36,
  "randombytes_sysrandom_stir": 2,
  "randombytes_stir": 12,
  "_sodium_alloc_init": 28,
  "sysconf": 76,
  "randombytes_buf": 13,
  "randombytes_sysrandom_buf": 3,
  "arc4random_buf": 109,
  "__getentropy": 16,
  "chacha20_rng": 156,
  "chacha20_update": 46314,
  "_crypto_pwhash_argon2_pick_best_implementation": 2,
  "blake2b_pick_best_implementation": 2,
  "_crypto_generichash_blake2b_pick_best_implementation": 2,
  "_crypto_onetimeauth_poly1305_pick_best_implementation": 2,
  "_crypto_scalarmult_curve25519_pick_best_implementation": 2,
  "_crypto_stream_chacha20_pick_best_implementation": 2,
  "_crypto_stream_salsa20_pick_best_implementation": 2,
  "sodium_malloc": 208,
  "posix_memalign": 68,
  "internal_memalign": 310,
  "dispose_chunk": 313,
  "xmain": 11548,
  "crypto_auth_hmacsha512_statebytes": 4,
  "crypto_auth": 6,
  "crypto_auth_hmacsha512256": 85,
  "crypto_auth_hmacsha512_init": 22576,
  "crypto_hash_sha512_init": 1710,
  "crypto_hash_sha512_update": 114745,
  "SHA512_Transform": 609140,
  "sodium_memzero": 369,
  "explicit_bzero": 744,
  "crypto_auth_hmacsha512_update": 63,
  "crypto_auth_hmacsha512_final": 315,
  "crypto_hash_sha512_final": 22363,
  "fprintf": 5376,
  "vfprintf": 39426,
  "printf_core": 399976,
  "__towrite": 56,
  "__fwritex": 58110,
  "pop_arg": 7616,
  "fputc": 1140,
  "crypto_auth_hmacsha256_init": 9379,
  "crypto_hash_sha256_init": 378,
  "crypto_hash_sha256_update": 28861,
  "SHA256_Transform": 233358,
  "crypto_hash_sha256_final": 5112,
  "crypto_auth_hmacsha256_update": 35,
  "crypto_auth_hmacsha256_final": 140,
  "__stdio_write": 172,
  "writev": 94,
  "sodium_memcmp": 18672,
  "crypto_auth_hmacsha512256_init": 15,
  "crypto_auth_hmacsha512256_final": 189,
  "crypto_auth_hmacsha512256_update": 10,
  "crypto_auth_bytes": 4,
  "crypto_auth_keybytes": 4,
  "crypto_auth_primitive": 2,
  "strcmp": 489,
  "crypto_auth_hmacsha256_bytes": 2,
  "crypto_auth_hmacsha256_keybytes": 2,
  "crypto_auth_hmacsha512_bytes": 2,
  "crypto_auth_hmacsha512_keybytes": 2,
  "crypto_auth_hmacsha512256_bytes": 2,
  "crypto_auth_hmacsha512256_keybytes": 4,
  "crypto_auth_hmacsha512256_statebytes": 2,
  "crypto_auth_hmacsha256_statebytes": 2,
  "sodium_free": 1656,
  "_start": 10,
  "dummy": 1,
  "__stdio_exit": 102,
  "__prepare_for_exit": 1
}
