{
  "__wasilibc_populate_preopens": 178,
  "malloc": 6,
  "dlmalloc": 2291,
  "sbrk": 86,
  "calloc": 58,
  "memset": 36980067,
  "memcpy": 7273116,
  "free": 4,
  "dlfree": 243,
  "__wasm_call_ctors": 1,
  "__original_main": 38,
  "fopen": 32,
  "memchr": 240,
  "__fmodeflags": 71,
  "strchr": 84,
  "__strchrnul": 386,
  "__wasilibc_open_nomode": 40,
  "__wasilibc_find_relpath": 138,
  "strlen": 199,
  "__wasilibc_openat_nomode": 150,
  "__fdopen": 124,
  "__isatty": 44,
  "__ofl_add": 23,
  "__ofl_lock": 4,
  "__ofl_unlock": 1,
  "sodium_init": 74,
  "_sodium_runtime_get_cpu_features": 2,
  "randombytes_init_if_needed": 16044,
  "randombytes_sysrandom_stir": 2,
  "randombytes_stir": 12,
  "_sodium_alloc_init": 28,
  "sysconf": 76,
  "randombytes_buf": 26021,
  "randombytes_sysrandom_buf": 6003,
  "arc4random_buf": 626522,
  "__getentropy": 16,
  "chacha20_rng": 166920,
  "chacha20_update": 49555980,
  "_crypto_pwhash_argon2_pick_best_implementation": 2,
  "blake2b_pick_best_implementation": 2,
  "_crypto_generichash_blake2b_pick_best_implementation": 2,
  "_crypto_onetimeauth_poly1305_pick_best_implementation": 2,
  "_crypto_scalarmult_curve25519_pick_best_implementation": 2,
  "_crypto_stream_chacha20_pick_best_implementation": 2,
  "_crypto_stream_salsa20_pick_best_implementation": 2,
  "sodium_malloc": 208,
  "posix_memalign": 68,
  "internal_memalign": 310,
  "dispose_chunk": 313,
  "xmain": 119967,
  "crypto_auth_keygen": 3003,
  "crypto_auth": 6006,
  "crypto_auth_hmacsha512256": 85085,
  "crypto_auth_hmacsha512_init": 9060000,
  "crypto_hash_sha512_init": 720000,
  "crypto_hash_sha512_update": 71645100,
  "SHA512_Transform": 482695360,
  "sodium_memzero": 118464,
  "explicit_bzero": 236934,
  "crypto_auth_hmacsha512_update": 28000,
  "crypto_auth_hmacsha512_final": 140000,
  "crypto_hash_sha512_final": 9427648,
  "crypto_auth_verify": 17994,
  "crypto_auth_hmacsha512256_verify": 347884,
  "crypto_verify_32": 5098300,
  "sodium_memcmp": 4726424,
  "arc4random": 99900,
  "sodium_free": 1656,
  "_start": 10,
  "dummy": 1,
  "__stdio_exit": 96,
  "__prepare_for_exit": 1
}
