{
  "__wasilibc_populate_preopens": 178,
  "malloc": 6,
  "dlmalloc": 2291,
  "sbrk": 86,
  "calloc": 58,
  "memset": 102840,
  "memcpy": 156877,
  "free": 4,
  "dlfree": 243,
  "__wasm_call_ctors": 1,
  "__original_main": 38,
  "fopen": 32,
  "memchr": 240,
  "__fmodeflags": 71,
  "strchr": 84,
  "__strchrnul": 432,
  "__wasilibc_open_nomode": 40,
  "__wasilibc_find_relpath": 138,
  "strlen": 200,
  "__wasilibc_openat_nomode": 150,
  "__fdopen": 124,
  "__isatty": 44,
  "__ofl_add": 23,
  "__ofl_lock": 4,
  "__ofl_unlock": 1,
  "sodium_init": 74,
  "_sodium_runtime_get_cpu_features": 2,
  "randombytes_init_if_needed": 36,
  "randombytes_sysrandom_stir": 2,
  "randombytes_stir": 12,
  "_sodium_alloc_init": 28,
  "sysconf": 76,
  "randombytes_buf": 13,
  "randombytes_sysrandom_buf": 3,
  "arc4random_buf": 109,
  "__getentropy": 16,
  "chacha20_rng": 156,
  "chacha20_update": 46314,
  "_crypto_pwhash_argon2_pick_best_implementation": 2,
  "blake2b_pick_best_implementation": 2,
  "_crypto_generichash_blake2b_pick_best_implementation": 2,
  "_crypto_onetimeauth_poly1305_pick_best_implementation": 2,
  "_crypto_scalarmult_curve25519_pick_best_implementation": 2,
  "_crypto_stream_chacha20_pick_best_implementation": 2,
  "_crypto_stream_salsa20_pick_best_implementation": 2,
  "sodium_malloc": 208,
  "posix_memalign": 68,
  "internal_memalign": 310,
  "dispose_chunk": 313,
  "xmain": 14401,
  "crypto_box": 16,
  "crypto_box_curve25519xsalsa20poly1305": 81,
  "crypto_scalarmult_curve25519": 2088,
  "crypto_scalarmult_curve25519_ref10": 1045244,
  "fe25519_frombytes": 1322,
  "fe25519_mul": 3539250,
  "fe25519_sq": 2369640,
  "fe25519_invert": 7428,
  "fe25519_tobytes": 1456,
  "crypto_core_hsalsa20": 18008,
  "crypto_secretbox_xsalsa20poly1305": 98,
  "crypto_stream_xsalsa20_xor": 70,
  "crypto_stream_salsa20_xor_ic": 24,
  "stream_ref_xor_ic": 14518,
  "crypto_core_salsa20": 42,
  "crypto_core_salsa": 28122,
  "sodium_memzero": 27,
  "explicit_bzero": 60,
  "crypto_onetimeauth_poly1305": 20,
  "crypto_onetimeauth_poly1305_donna": 306,
  "poly1305_update": 344,
  "poly1305_blocks": 8050,
  "poly1305_finish": 862,
  "fprintf": 7056,
  "vfprintf": 51746,
  "printf_core": 524858,
  "__towrite": 56,
  "__fwritex": 71250,
  "pop_arg": 9996,
  "fputc": 1444,
  "crypto_box_beforenm": 10,
  "crypto_box_curve25519xsalsa20poly1305_beforenm": 53,
  "crypto_box_afternm": 7,
  "crypto_box_curve25519xsalsa20poly1305_afternm": 7,
  "__stdio_write": 172,
  "writev": 94,
  "crypto_box_seedbytes": 4,
  "crypto_box_publickeybytes": 4,
  "crypto_box_secretkeybytes": 4,
  "crypto_box_beforenmbytes": 4,
  "crypto_box_noncebytes": 4,
  "crypto_box_zerobytes": 4,
  "crypto_box_boxzerobytes": 4,
  "crypto_box_macbytes": 4,
  "crypto_box_messagebytes_max": 4,
  "crypto_box_primitive": 2,
  "strcmp": 957,
  "crypto_box_curve25519xsalsa20poly1305_seedbytes": 2,
  "crypto_box_curve25519xsalsa20poly1305_publickeybytes": 2,
  "crypto_box_curve25519xsalsa20poly1305_secretkeybytes": 2,
  "crypto_box_curve25519xsalsa20poly1305_beforenmbytes": 2,
  "crypto_box_curve25519xsalsa20poly1305_noncebytes": 2,
  "crypto_box_curve25519xsalsa20poly1305_zerobytes": 2,
  "crypto_box_curve25519xsalsa20poly1305_boxzerobytes": 2,
  "crypto_box_curve25519xsalsa20poly1305_macbytes": 2,
  "crypto_box_curve25519xsalsa20poly1305_messagebytes_max": 2,
  "sodium_free": 1656,
  "_start": 10,
  "dummy": 1,
  "__stdio_exit": 102,
  "__prepare_for_exit": 1
}
