{
  "__wasilibc_populate_preopens": 178,
  "malloc": 6,
  "dlmalloc": 4064,
  "sbrk": 203,
  "calloc": 58,
  "memset": 4903153,
  "memcpy": 3240879,
  "free": 10,
  "dlfree": 1655,
  "__wasm_call_ctors": 1,
  "__original_main": 38,
  "fopen": 32,
  "memchr": 240,
  "__fmodeflags": 71,
  "strchr": 84,
  "__strchrnul": 322,
  "__wasilibc_open_nomode": 40,
  "__wasilibc_find_relpath": 138,
  "strlen": 180,
  "__wasilibc_openat_nomode": 150,
  "__fdopen": 124,
  "__isatty": 44,
  "__ofl_add": 23,
  "__ofl_lock": 4,
  "__ofl_unlock": 1,
  "sodium_init": 74,
  "_sodium_runtime_get_cpu_features": 2,
  "randombytes_init_if_needed": 15556,
  "randombytes_sysrandom_stir": 2,
  "randombytes_stir": 12,
  "_sodium_alloc_init": 28,
  "sysconf": 76,
  "randombytes_buf": 25228,
  "randombytes_sysrandom_buf": 5820,
  "arc4random_buf": 249827,
  "__getentropy": 16,
  "chacha20_rng": 150072,
  "chacha20_update": 44554068,
  "_crypto_pwhash_argon2_pick_best_implementation": 2,
  "blake2b_pick_best_implementation": 2,
  "_crypto_generichash_blake2b_pick_best_implementation": 2,
  "_crypto_onetimeauth_poly1305_pick_best_implementation": 2,
  "_crypto_scalarmult_curve25519_pick_best_implementation": 2,
  "_crypto_stream_chacha20_pick_best_implementation": 2,
  "_crypto_stream_salsa20_pick_best_implementation": 2,
  "sodium_malloc": 832,
  "posix_memalign": 272,
  "internal_memalign": 1240,
  "dispose_chunk": 1504,
  "xmain": 16048637,
  "crypto_box_keypair": 8,
  "crypto_box_curve25519xsalsa20poly1305_keypair": 12,
  "crypto_scalarmult_curve25519_base": 16,
  "crypto_scalarmult_curve25519_ref10_base": 2564,
  "ge25519_scalarmult_base": 20262,
  "ge25519_cmov8_base": 792960,
  "ge25519_madd": 149888,
  "fe25519_mul": 3430834000,
  "ge25519_p2_dbl": 7408,
  "fe25519_sq": 2296675920,
  "fe25519_sq2": 7760,
  "fe25519_invert": 7205160,
  "fe25519_tobytes": 1412320,
  "crypto_box": 7752,
  "crypto_box_curve25519xsalsa20poly1305": 48450,
  "crypto_scalarmult_curve25519": 1955442,
  "crypto_scalarmult_curve25519_ref10": 1004527416,
  "fe25519_frombytes": 1281018,
  "crypto_core_hsalsa20": 21812190,
  "crypto_secretbox_xsalsa20poly1305": 47481,
  "crypto_stream_xsalsa20_xor": 67830,
  "crypto_stream_salsa20_xor_ic": 23256,
  "stream_ref_xor_ic": 44475460,
  "crypto_core_salsa20": 122829,
  "crypto_core_salsa": 82242789,
  "sodium_memzero": 37791,
  "explicit_bzero": 75606,
  "crypto_onetimeauth_poly1305": 9690,
  "crypto_onetimeauth_poly1305_donna": 148257,
  "poly1305_update": 660268,
  "poly1305_finish": 828344,
  "crypto_box_open": 7752,
  "crypto_box_curve25519xsalsa20poly1305_open": 48450,
  "crypto_secretbox_xsalsa20poly1305_open": 81396,
  "crypto_stream_xsalsa20": 31977,
  "crypto_stream_salsa20": 9690,
  "stream_ref": 978690,
  "crypto_onetimeauth_poly1305_verify": 9690,
  "crypto_onetimeauth_poly1305_donna_verify": 167637,
  "crypto_verify_16": 841092,
  "poly1305_blocks": 25161556,
  "sodium_free": 6624,
  "_start": 10,
  "dummy": 1,
  "__stdio_exit": 96,
  "__prepare_for_exit": 1
}
