{
  "__wasilibc_populate_preopens": 178,
  "malloc": 6,
  "dlmalloc": 6087,
  "sbrk": 203,
  "calloc": 58,
  "memset": 1156592,
  "memcpy": 49381,
  "free": 24,
  "dlfree": 3159,
  "__wasm_call_ctors": 1,
  "__original_main": 38,
  "fopen": 32,
  "memchr": 240,
  "__fmodeflags": 71,
  "strchr": 84,
  "__strchrnul": 322,
  "__wasilibc_open_nomode": 40,
  "__wasilibc_find_relpath": 138,
  "strlen": 211,
  "__wasilibc_openat_nomode": 150,
  "__fdopen": 124,
  "__isatty": 44,
  "__ofl_add": 23,
  "__ofl_lock": 4,
  "__ofl_unlock": 1,
  "sodium_init": 74,
  "_sodium_runtime_get_cpu_features": 2,
  "randombytes_init_if_needed": 196,
  "randombytes_sysrandom_stir": 2,
  "randombytes_stir": 12,
  "_sodium_alloc_init": 28,
  "sysconf": 76,
  "randombytes_buf": 169,
  "randombytes_sysrandom_buf": 39,
  "arc4random_buf": 1951,
  "__getentropy": 16,
  "chacha20_rng": 936,
  "chacha20_update": 277884,
  "_crypto_pwhash_argon2_pick_best_implementation": 2,
  "blake2b_pick_best_implementation": 2,
  "_crypto_generichash_blake2b_pick_best_implementation": 2,
  "_crypto_onetimeauth_poly1305_pick_best_implementation": 2,
  "_crypto_scalarmult_curve25519_pick_best_implementation": 2,
  "_crypto_stream_chacha20_pick_best_implementation": 2,
  "_crypto_stream_salsa20_pick_best_implementation": 2,
  "sodium_malloc": 2288,
  "posix_memalign": 748,
  "internal_memalign": 3410,
  "dispose_chunk": 4265,
  "xmain": 561,
  "crypto_box_keypair": 16,
  "crypto_box_curve25519xsalsa20poly1305_keypair": 24,
  "crypto_scalarmult_curve25519_base": 64,
  "crypto_scalarmult_curve25519_ref10_base": 10256,
  "ge25519_scalarmult_base": 81048,
  "ge25519_cmov8_base": 3171840,
  "ge25519_madd": 599552,
  "fe25519_mul": 26438500,
  "ge25519_p2_dbl": 29632,
  "fe25519_sq": 16196880,
  "fe25519_sq2": 31040,
  "fe25519_invert": 74280,
  "fe25519_tobytes": 14560,
  "randombytes_uniform": 204,
  "arc4random": 100,
  "randombytes_sysrandom": 8,
  "crypto_box_seal": 334,
  "crypto_generichash_init": 72,
  "crypto_generichash_blake2b_init": 504,
  "blake2b_init": 1128,
  "crypto_generichash_update": 120,
  "crypto_generichash_blake2b_update": 120,
  "blake2b_update": 1680,
  "crypto_generichash_final": 60,
  "crypto_generichash_blake2b_final": 216,
  "blake2b_final": 2448,
  "blake2b_compress_ref": 87408,
  "sodium_memzero": 348,
  "explicit_bzero": 762,
  "crypto_box_easy": 84,
  "crypto_box_beforenm": 30,
  "crypto_box_curve25519xsalsa20poly1305_beforenm": 168,
  "crypto_scalarmult_curve25519": 12108,
  "crypto_scalarmult_curve25519_ref10": 6219984,
  "fe25519_frombytes": 7932,
  "crypto_core_hsalsa20": 54024,
  "crypto_secretbox_detached": 425,
  "crypto_stream_salsa20_xor": 48,
  "stream_ref_xor_ic": 148352,
  "crypto_core_salsa20": 406,
  "crypto_core_salsa": 271846,
  "crypto_onetimeauth_poly1305_init": 32,
  "crypto_onetimeauth_poly1305_donna_init": 736,
  "crypto_stream_salsa20_xor_ic": 48,
  "crypto_onetimeauth_poly1305_update": 36,
  "crypto_onetimeauth_poly1305_donna_update": 20,
  "poly1305_update": 3736,
  "poly1305_blocks": 191198,
  "crypto_onetimeauth_poly1305_final": 32,
  "crypto_onetimeauth_poly1305_donna_final": 16,
  "poly1305_finish": 5172,
  "crypto_box_seal_open": 377,
  "crypto_box_open_easy": 192,
  "crypto_secretbox_open_detached": 446,
  "crypto_stream_salsa20": 40,
  "stream_ref": 4420,
  "crypto_onetimeauth_poly1305_verify": 80,
  "crypto_onetimeauth_poly1305_donna_verify": 1384,
  "crypto_verify_16": 6944,
  "memcmp": 33258,
  "fprintf": 192,
  "vfprintf": 1410,
  "printf_core": 9346,
  "__towrite": 56,
  "__fwritex": 2040,
  "pop_arg": 272,
  "sodium_free": 18216,
  "crypto_box_sealbytes": 2,
  "memmove": 11670,
  "crypto_box_curve25519xchacha20poly1305_keypair": 24,
  "crypto_box_curve25519xchacha20poly1305_seal": 334,
  "crypto_box_curve25519xchacha20poly1305_easy": 122,
  "crypto_core_hchacha20": 57384,
  "crypto_secretbox_xchacha20poly1305_detached": 425,
  "crypto_stream_chacha20_xor": 84,
  "chacha20_encrypt_bytes": 219404,
  "crypto_stream_chacha20_xor_ic": 84,
  "crypto_box_curve25519xchacha20poly1305_seal_open": 377,
  "crypto_box_curve25519xchacha20poly1305_open_easy": 268,
  "crypto_secretbox_xchacha20poly1305_open_detached": 446,
  "crypto_stream_chacha20": 76,
  "crypto_box_curve25519xchacha20poly1305_sealbytes": 2,
  "_start": 10,
  "dummy": 1,
  "__stdio_exit": 102,
  "__stdio_write": 86,
  "writev": 47,
  "__prepare_for_exit": 1
}
