{
  "__wasilibc_populate_preopens": 178,
  "malloc": 6,
  "dlmalloc": 2291,
  "sbrk": 86,
  "calloc": 58,
  "memset": 107816,
  "memcpy": 91811,
  "free": 4,
  "dlfree": 243,
  "__wasm_call_ctors": 1,
  "__original_main": 38,
  "fopen": 32,
  "memchr": 240,
  "__fmodeflags": 71,
  "strchr": 84,
  "__strchrnul": 322,
  "__wasilibc_open_nomode": 40,
  "__wasilibc_find_relpath": 138,
  "strlen": 211,
  "__wasilibc_openat_nomode": 150,
  "__fdopen": 124,
  "__isatty": 44,
  "__ofl_add": 23,
  "__ofl_lock": 4,
  "__ofl_unlock": 1,
  "sodium_init": 74,
  "_sodium_runtime_get_cpu_features": 2,
  "randombytes_init_if_needed": 52,
  "randombytes_sysrandom_stir": 2,
  "randombytes_stir": 12,
  "_sodium_alloc_init": 28,
  "sysconf": 76,
  "randombytes_buf": 13,
  "randombytes_sysrandom_buf": 3,
  "arc4random_buf": 200,
  "__getentropy": 16,
  "chacha20_rng": 156,
  "chacha20_update": 46314,
  "_crypto_pwhash_argon2_pick_best_implementation": 2,
  "blake2b_pick_best_implementation": 2,
  "_crypto_generichash_blake2b_pick_best_implementation": 2,
  "_crypto_onetimeauth_poly1305_pick_best_implementation": 2,
  "_crypto_scalarmult_curve25519_pick_best_implementation": 2,
  "_crypto_stream_chacha20_pick_best_implementation": 2,
  "_crypto_stream_salsa20_pick_best_implementation": 2,
  "sodium_malloc": 208,
  "posix_memalign": 68,
  "internal_memalign": 310,
  "dispose_chunk": 313,
  "xmain": 6689,
  "crypto_box_easy": 84,
  "crypto_box_beforenm": 20,
  "crypto_box_curve25519xsalsa20poly1305_beforenm": 112,
  "crypto_scalarmult_curve25519": 4036,
  "crypto_scalarmult_curve25519_ref10": 2073328,
  "fe25519_frombytes": 2644,
  "fe25519_mul": 7078500,
  "fe25519_sq": 4739280,
  "fe25519_invert": 14856,
  "fe25519_tobytes": 2912,
  "crypto_core_hsalsa20": 36016,
  "crypto_secretbox_detached": 391,
  "crypto_stream_salsa20_xor": 36,
  "stream_ref_xor_ic": 10313,
  "crypto_core_salsa20": 49,
  "crypto_core_salsa": 32809,
  "sodium_memzero": 84,
  "explicit_bzero": 174,
  "crypto_onetimeauth_poly1305_init": 16,
  "crypto_onetimeauth_poly1305_donna_init": 368,
  "crypto_stream_salsa20_xor_ic": 12,
  "crypto_onetimeauth_poly1305_update": 18,
  "crypto_onetimeauth_poly1305_donna_update": 10,
  "poly1305_update": 253,
  "poly1305_blocks": 4025,
  "crypto_onetimeauth_poly1305_final": 16,
  "crypto_onetimeauth_poly1305_donna_final": 8,
  "poly1305_finish": 1583,
  "fprintf": 4344,
  "vfprintf": 31858,
  "printf_core": 323119,
  "__towrite": 56,
  "__fwritex": 43800,
  "pop_arg": 6154,
  "fputc": 114,
  "crypto_box_open_easy": 96,
  "crypto_secretbox_open_detached": 186,
  "crypto_stream_salsa20": 20,
  "stream_ref": 2020,
  "crypto_onetimeauth_poly1305_verify": 20,
  "crypto_onetimeauth_poly1305_donna_verify": 346,
  "crypto_verify_16": 1736,
  "randombytes_uniform": 51,
  "arc4random": 25,
  "randombytes_sysrandom": 2,
  "sodium_free": 1656,
  "_start": 10,
  "dummy": 1,
  "__stdio_exit": 102,
  "__stdio_write": 86,
  "writev": 47,
  "__prepare_for_exit": 1
}
