{
  "__wasilibc_populate_preopens": 178,
  "malloc": 6,
  "dlmalloc": 8792,
  "sbrk": 515,
  "calloc": 58,
  "memset": 1320575,
  "memcpy": 13585,
  "free": 26,
  "dlfree": 5476,
  "__wasm_call_ctors": 1,
  "__original_main": 38,
  "fopen": 32,
  "memchr": 240,
  "__fmodeflags": 71,
  "strchr": 84,
  "__strchrnul": 386,
  "__wasilibc_open_nomode": 40,
  "__wasilibc_find_relpath": 138,
  "strlen": 230,
  "__wasilibc_openat_nomode": 150,
  "__fdopen": 124,
  "__isatty": 44,
  "__ofl_add": 23,
  "__ofl_lock": 4,
  "__ofl_unlock": 1,
  "sodium_init": 74,
  "_sodium_runtime_get_cpu_features": 2,
  "randombytes_init_if_needed": 100,
  "randombytes_sysrandom_stir": 2,
  "randombytes_stir": 12,
  "_sodium_alloc_init": 28,
  "sysconf": 76,
  "randombytes_buf": 65,
  "randombytes_sysrandom_buf": 15,
  "arc4random_buf": 655,
  "__getentropy": 16,
  "chacha20_rng": 156,
  "chacha20_update": 46314,
  "_crypto_pwhash_argon2_pick_best_implementation": 2,
  "blake2b_pick_best_implementation": 2,
  "_crypto_generichash_blake2b_pick_best_implementation": 2,
  "_crypto_onetimeauth_poly1305_pick_best_implementation": 2,
  "_crypto_scalarmult_curve25519_pick_best_implementation": 2,
  "_crypto_stream_chacha20_pick_best_implementation": 2,
  "_crypto_stream_salsa20_pick_best_implementation": 2,
  "sodium_malloc": 2496,
  "posix_memalign": 816,
  "internal_memalign": 3720,
  "dispose_chunk": 4752,
  "xmain": 2563,
  "randombytes_uniform": 102,
  "arc4random": 50,
  "randombytes_sysrandom": 4,
  "crypto_box_keypair": 8,
  "crypto_box_curve25519xsalsa20poly1305_keypair": 12,
  "crypto_scalarmult_curve25519_base": 16,
  "crypto_scalarmult_curve25519_ref10_base": 2564,
  "ge25519_scalarmult_base": 20262,
  "ge25519_cmov8_base": 792960,
  "ge25519_madd": 149888,
  "fe25519_mul": 142870750,
  "ge25519_p2_dbl": 7408,
  "fe25519_sq": 95280360,
  "fe25519_sq2": 7760,
  "fe25519_invert": 304548,
  "fe25519_tobytes": 59696,
  "crypto_box_easy": 84,
  "crypto_box_beforenm": 420,
  "crypto_box_curve25519xsalsa20poly1305_beforenm": 2340,
  "crypto_scalarmult_curve25519": 80860,
  "crypto_scalarmult_curve25519_ref10": 41483720,
  "fe25519_frombytes": 52880,
  "crypto_core_hsalsa20": 733826,
  "crypto_secretbox_detached": 1237,
  "crypto_stream_salsa20_xor": 132,
  "stream_ref_xor_ic": 49510,
  "crypto_core_salsa20": 686,
  "crypto_core_salsa": 459326,
  "sodium_memzero": 1356,
  "explicit_bzero": 2784,
  "crypto_onetimeauth_poly1305_init": 48,
  "crypto_onetimeauth_poly1305_donna_init": 1104,
  "crypto_stream_salsa20_xor_ic": 120,
  "crypto_onetimeauth_poly1305_update": 54,
  "crypto_onetimeauth_poly1305_donna_update": 30,
  "poly1305_update": 27143,
  "poly1305_blocks": 123207,
  "crypto_onetimeauth_poly1305_final": 48,
  "crypto_onetimeauth_poly1305_donna_final": 24,
  "poly1305_finish": 35451,
  "crypto_box_open_easy": 3968,
  "crypto_secretbox_open_detached": 4667,
  "crypto_stream_salsa20": 770,
  "stream_ref": 77770,
  "crypto_onetimeauth_poly1305_verify": 770,
  "crypto_onetimeauth_poly1305_donna_verify": 13321,
  "crypto_verify_16": 66836,
  "memcmp": 10018,
  "fprintf": 144,
  "vfprintf": 1058,
  "printf_core": 7122,
  "__towrite": 56,
  "__fwritex": 1800,
  "pop_arg": 204,
  "memmove": 1523,
  "crypto_box_easy_afternm": 42,
  "crypto_box_open_easy_afternm": 39,
  "crypto_box_detached": 57,
  "crypto_box_open_detached": 57,
  "crypto_box_detached_afternm": 8,
  "crypto_box_open_detached_afternm": 8,
  "sodium_free": 19872,
  "fwrite": 80,
  "_start": 10,
  "dummy": 1,
  "__stdio_exit": 102,
  "__stdio_write": 86,
  "writev": 47,
  "__prepare_for_exit": 1
}
