{
  "__wasilibc_populate_preopens": 178,
  "malloc": 6,
  "dlmalloc": 2291,
  "sbrk": 86,
  "calloc": 58,
  "memset": 101835,
  "memcpy": 29597,
  "free": 4,
  "dlfree": 243,
  "__wasm_call_ctors": 1,
  "__original_main": 38,
  "fopen": 32,
  "memchr": 240,
  "__fmodeflags": 71,
  "strchr": 84,
  "__strchrnul": 322,
  "__wasilibc_open_nomode": 40,
  "__wasilibc_find_relpath": 138,
  "strlen": 211,
  "__wasilibc_openat_nomode": 150,
  "__fdopen": 124,
  "__isatty": 44,
  "__ofl_add": 23,
  "__ofl_lock": 4,
  "__ofl_unlock": 1,
  "sodium_init": 74,
  "_sodium_runtime_get_cpu_features": 2,
  "randombytes_init_if_needed": 36,
  "randombytes_sysrandom_stir": 2,
  "randombytes_stir": 12,
  "_sodium_alloc_init": 28,
  "sysconf": 76,
  "randombytes_buf": 13,
  "randombytes_sysrandom_buf": 3,
  "arc4random_buf": 109,
  "__getentropy": 16,
  "chacha20_rng": 156,
  "chacha20_update": 46314,
  "_crypto_pwhash_argon2_pick_best_implementation": 2,
  "blake2b_pick_best_implementation": 2,
  "_crypto_generichash_blake2b_pick_best_implementation": 2,
  "_crypto_onetimeauth_poly1305_pick_best_implementation": 2,
  "_crypto_scalarmult_curve25519_pick_best_implementation": 2,
  "_crypto_stream_chacha20_pick_best_implementation": 2,
  "_crypto_stream_salsa20_pick_best_implementation": 2,
  "sodium_malloc": 208,
  "posix_memalign": 68,
  "internal_memalign": 310,
  "dispose_chunk": 313,
  "xmain": 3250,
  "crypto_box_seed_keypair": 5,
  "crypto_box_curve25519xsalsa20poly1305_seed_keypair": 70,
  "crypto_hash_sha512": 112,
  "crypto_hash_sha512_update": 1131,
  "crypto_hash_sha512_final": 1177,
  "SHA512_Transform": 16030,
  "sodium_memzero": 9,
  "explicit_bzero": 24,
  "crypto_scalarmult_curve25519_base": 8,
  "crypto_scalarmult_curve25519_ref10_base": 1282,
  "ge25519_scalarmult_base": 10131,
  "ge25519_cmov8_base": 396480,
  "ge25519_madd": 74944,
  "fe25519_mul": 650375,
  "ge25519_p2_dbl": 3704,
  "fe25519_sq": 247380,
  "fe25519_sq2": 3880,
  "fe25519_invert": 3714,
  "fe25519_tobytes": 728,
  "fprintf": 1536,
  "vfprintf": 11266,
  "printf_core": 114276,
  "__towrite": 56,
  "__fwritex": 15840,
  "pop_arg": 2176,
  "fputc": 304,
  "sodium_free": 1656,
  "_start": 10,
  "dummy": 1,
  "__stdio_exit": 102,
  "__stdio_write": 86,
  "writev": 47,
  "__prepare_for_exit": 1
}
