{
  "__wasilibc_populate_preopens": 178,
  "malloc": 6,
  "dlmalloc": 554005,
  "sbrk": 125,
  "calloc": 58,
  "memset": 189214083,
  "memcpy": 164821,
  "free": 3820,
  "dlfree": 461979,
  "__wasm_call_ctors": 1,
  "__original_main": 38,
  "fopen": 32,
  "memchr": 238768,
  "__fmodeflags": 71,
  "strchr": 84,
  "__strchrnul": 322,
  "__wasilibc_open_nomode": 40,
  "__wasilibc_find_relpath": 138,
  "strlen": 10194,
  "__wasilibc_openat_nomode": 150,
  "__fdopen": 124,
  "__isatty": 44,
  "__ofl_add": 23,
  "__ofl_lock": 4,
  "__ofl_unlock": 1,
  "sodium_init": 74,
  "_sodium_runtime_get_cpu_features": 2,
  "randombytes_init_if_needed": 52,
  "randombytes_sysrandom_stir": 2,
  "randombytes_stir": 12,
  "_sodium_alloc_init": 28,
  "sysconf": 76,
  "randombytes_buf": 39,
  "randombytes_sysrandom_buf": 9,
  "arc4random_buf": 291,
  "__getentropy": 16,
  "chacha20_rng": 156,
  "chacha20_update": 46314,
  "_crypto_pwhash_argon2_pick_best_implementation": 2,
  "blake2b_pick_best_implementation": 2,
  "_crypto_generichash_blake2b_pick_best_implementation": 2,
  "_crypto_onetimeauth_poly1305_pick_best_implementation": 2,
  "_crypto_scalarmult_curve25519_pick_best_implementation": 2,
  "_crypto_stream_chacha20_pick_best_implementation": 2,
  "_crypto_stream_salsa20_pick_best_implementation": 2,
  "sodium_malloc": 397072,
  "posix_memalign": 129812,
  "internal_memalign": 591790,
  "dispose_chunk": 723445,
  "xmain": 113720,
  "sodium_hex2bin": 133664,
  "crypto_stream_chacha20": 551,
  "stream_ref": 2682,
  "chacha20_encrypt_bytes": 21582246,
  "sodium_memzero": 5916,
  "explicit_bzero": 23286,
  "sodium_bin2hex": 934336,
  "fprintf": 1536,
  "vfprintf": 11266,
  "printf_core": 87232,
  "__towrite": 56,
  "__fwritex": 18720,
  "pop_arg": 2176,
  "strnlen": 1024,
  "crypto_stream_chacha20_xor": 16758,
  "stream_ref_xor_ic": 85452,
  "memcmp": 5205024,
  "sodium_free": 3161304,
  "__stdio_write": 1462,
  "writev": 799,
  "crypto_stream_chacha20_xor_ic": 63,
  "crypto_stream_chacha20_ietf_xor_ic": 42674,
  "stream_ietf_ext_ref_xor_ic": 111243,
  "crypto_stream_chacha20_ietf": 456,
  "stream_ietf_ext_ref": 2437,
  "crypto_stream_chacha20_ietf_xor": 63,
  "crypto_stream_chacha20_keybytes": 4,
  "crypto_stream_chacha20_noncebytes": 4,
  "crypto_stream_chacha20_messagebytes_max": 2,
  "crypto_stream_chacha20_ietf_keybytes": 4,
  "crypto_stream_chacha20_ietf_noncebytes": 4,
  "crypto_stream_chacha20_ietf_messagebytes_max": 2,
  "_start": 10,
  "dummy": 1,
  "__stdio_exit": 102,
  "__prepare_for_exit": 1
}
