{
  "__wasilibc_populate_preopens": 178,
  "malloc": 6,
  "dlmalloc": 580895,
  "sbrk": 164,
  "calloc": 58,
  "memset": 197970444,
  "memcpy": 1219151,
  "free": 4004,
  "dlfree": 826243,
  "__wasm_call_ctors": 1,
  "__original_main": 38,
  "fopen": 32,
  "memchr": 5747,
  "__fmodeflags": 71,
  "strchr": 1386,
  "__strchrnul": 5084,
  "__wasilibc_open_nomode": 40,
  "__wasilibc_find_relpath": 138,
  "strlen": 215,
  "__wasilibc_openat_nomode": 150,
  "__fdopen": 124,
  "__isatty": 44,
  "__ofl_add": 23,
  "__ofl_lock": 4,
  "__ofl_unlock": 1,
  "sodium_init": 74,
  "_sodium_runtime_get_cpu_features": 2,
  "randombytes_init_if_needed": 24036,
  "randombytes_sysrandom_stir": 2,
  "randombytes_stir": 12,
  "_sodium_alloc_init": 28,
  "sysconf": 76,
  "randombytes_buf": 12963,
  "randombytes_sysrandom_buf": 2973,
  "arc4random_buf": 189897,
  "__getentropy": 16,
  "chacha20_rng": 16068,
  "chacha20_update": 4770342,
  "_crypto_pwhash_argon2_pick_best_implementation": 2,
  "blake2b_pick_best_implementation": 2,
  "_crypto_generichash_blake2b_pick_best_implementation": 2,
  "_crypto_onetimeauth_poly1305_pick_best_implementation": 2,
  "_crypto_scalarmult_curve25519_pick_best_implementation": 2,
  "_crypto_stream_chacha20_pick_best_implementation": 2,
  "_crypto_stream_salsa20_pick_best_implementation": 2,
  "sodium_malloc": 416208,
  "posix_memalign": 136068,
  "internal_memalign": 620310,
  "dispose_chunk": 785313,
  "xmain": 123658,
  "sodium_bin2hex": 1565,
  "fprintf": 672,
  "vfprintf": 4930,
  "printf_core": 46182,
  "__towrite": 56,
  "__fwritex": 9060,
  "pop_arg": 1224,
  "strnlen": 320,
  "sodium_hex2bin": 12283,
  "sodium_bin2base64": 12599817,
  "sodium_base642bin": 19294694,
  "randombytes_uniform": 51000,
  "arc4random": 25000,
  "randombytes_sysrandom": 2000,
  "sodium_base64_encoded_len": 81000,
  "memcmp": 1660532,
  "sodium_free": 3313656,
  "explicit_bzero": 12006,
  "_start": 10,
  "dummy": 1,
  "__stdio_exit": 102,
  "__stdio_write": 86,
  "writev": 47,
  "__prepare_for_exit": 1
}
