{
  "__wasilibc_populate_preopens": 178,
  "malloc": 6,
  "dlmalloc": 5837,
  "sbrk": 320,
  "calloc": 58,
  "memset": 13279279,
  "memcpy": 32867,
  "free": 16,
  "dlfree": 1460,
  "__wasm_call_ctors": 1,
  "__original_main": 38,
  "fopen": 32,
  "memchr": 240,
  "__fmodeflags": 71,
  "strchr": 84,
  "__strchrnul": 386,
  "__wasilibc_open_nomode": 40,
  "__wasilibc_find_relpath": 138,
  "strlen": 199,
  "__wasilibc_openat_nomode": 150,
  "__fdopen": 124,
  "__isatty": 44,
  "__ofl_add": 23,
  "__ofl_lock": 4,
  "__ofl_unlock": 1,
  "sodium_init": 74,
  "_sodium_runtime_get_cpu_features": 2,
  "randombytes_init_if_needed": 36,
  "randombytes_sysrandom_stir": 2,
  "randombytes_stir": 12,
  "_sodium_alloc_init": 28,
  "sysconf": 76,
  "randombytes_buf": 13,
  "randombytes_sysrandom_buf": 3,
  "arc4random_buf": 109,
  "__getentropy": 16,
  "chacha20_rng": 156,
  "chacha20_update": 46314,
  "_crypto_pwhash_argon2_pick_best_implementation": 2,
  "blake2b_pick_best_implementation": 2,
  "_crypto_generichash_blake2b_pick_best_implementation": 2,
  "_crypto_onetimeauth_poly1305_pick_best_implementation": 2,
  "_crypto_scalarmult_curve25519_pick_best_implementation": 2,
  "_crypto_stream_chacha20_pick_best_implementation": 2,
  "_crypto_stream_salsa20_pick_best_implementation": 2,
  "sodium_malloc": 1456,
  "posix_memalign": 476,
  "internal_memalign": 2170,
  "dispose_chunk": 2722,
  "xmain": 7687431,
  "crypto_core_salsa20": 458752,
  "crypto_core_salsa": 641007616,
  "crypto_hash_sha256": 216,
  "crypto_hash_sha256_update": 4725819,
  "SHA256_Transform": 2414776302,
  "sodium_memzero": 27,
  "explicit_bzero": 96,
  "crypto_hash_sha256_final": 1704,
  "fprintf": 2304,
  "vfprintf": 16898,
  "printf_core": 135128,
  "__towrite": 56,
  "__fwritex": 17700,
  "pop_arg": 3264,
  "fputc": 114,
  "crypto_core_salsa2012": 458752,
  "crypto_core_salsa208": 458752,
  "sodium_free": 11592,
  "crypto_core_salsa20_outputbytes": 2,
  "crypto_core_salsa20_inputbytes": 2,
  "crypto_core_salsa20_keybytes": 2,
  "crypto_core_salsa20_constbytes": 2,
  "_start": 10,
  "dummy": 1,
  "__stdio_exit": 102,
  "__stdio_write": 86,
  "writev": 47,
  "__prepare_for_exit": 1
}
