{
  "__wasilibc_populate_preopens": 178,
  "malloc": 6,
  "dlmalloc": 8438,
  "sbrk": 320,
  "calloc": 58,
  "memset": 4455385,
  "memcpy": 1279607,
  "free": 34,
  "dlfree": 4325,
  "__wasm_call_ctors": 1,
  "__original_main": 38,
  "fopen": 32,
  "memchr": 6750,
  "__fmodeflags": 71,
  "strchr": 84,
  "__strchrnul": 386,
  "__wasilibc_open_nomode": 40,
  "__wasilibc_find_relpath": 138,
  "strlen": 292,
  "__wasilibc_openat_nomode": 150,
  "__fdopen": 124,
  "__isatty": 44,
  "__ofl_add": 23,
  "__ofl_lock": 4,
  "__ofl_unlock": 1,
  "sodium_init": 74,
  "_sodium_runtime_get_cpu_features": 2,
  "randombytes_init_if_needed": 32604,
  "randombytes_sysrandom_stir": 2,
  "randombytes_stir": 12,
  "_sodium_alloc_init": 28,
  "sysconf": 76,
  "randombytes_buf": 52936,
  "randombytes_sysrandom_buf": 12216,
  "arc4random_buf": 404301,
  "__getentropy": 16,
  "chacha20_rng": 59280,
  "chacha20_update": 17599320,
  "_crypto_pwhash_argon2_pick_best_implementation": 2,
  "blake2b_pick_best_implementation": 2,
  "_crypto_generichash_blake2b_pick_best_implementation": 2,
  "_crypto_onetimeauth_poly1305_pick_best_implementation": 2,
  "_crypto_scalarmult_curve25519_pick_best_implementation": 2,
  "_crypto_stream_chacha20_pick_best_implementation": 2,
  "_crypto_stream_salsa20_pick_best_implementation": 2,
  "sodium_malloc": 3328,
  "posix_memalign": 1088,
  "internal_memalign": 4960,
  "dispose_chunk": 6295,
  "xmain": 182637,
  "sodium_hex2bin": 371112,
  "crypto_core_ristretto255_is_valid_point": 147630,
  "ristretto255_frombytes": 34531468,
  "fe25519_frombytes": 14567779,
  "fe25519_sq": 11457188010,
  "fe25519_mul": 11073621625,
  "ristretto255_sqrt_ratio_m1": 34800597,
  "fe25519_pow22523": 121620320,
  "fe25519_tobytes": 170585688,
  "sodium_is_zero": 115409506,
  "sodium_free": 26496,
  "explicit_bzero": 132,
  "crypto_core_ristretto255_from_hash": 4028,
  "ristretto255_from_hash": 273088,
  "ristretto255_elligator": 6827200,
  "ge25519_p3_to_cached": 25025560,
  "ge25519_add": 387358314,
  "ristretto255_p3_tobytes": 21293340,
  "sodium_bin2hex": 20657,
  "fprintf": 168,
  "vfprintf": 1234,
  "printf_core": 7546,
  "__towrite": 56,
  "__fwritex": 1680,
  "pop_arg": 238,
  "strnlen": 112,
  "crypto_core_ristretto255_scalar_random": 2002,
  "crypto_core_ed25519_scalar_random": 53727,
  "sc25519_is_canonical": 4520765,
  "crypto_scalarmult_ristretto255_base": 939000,
  "ge25519_scalarmult_base": 10131000,
  "ge25519_cmov8_base": 396480000,
  "ge25519_madd": 74944000,
  "ge25519_p2_dbl": 1188984000,
  "fe25519_sq2": 1245480000,
  "crypto_core_ristretto255_random": 18018,
  "crypto_scalarmult_ristretto255": 4770000,
  "ge25519_scalarmult": 2365365000,
  "crypto_core_ristretto255_scalar_invert": 4004,
  "crypto_core_ed25519_scalar_invert": 10010,
  "sc25519_invert": 2428426,
  "sc25519_mul": 1276765495,
  "memcmp": 2192000,
  "crypto_core_ristretto255_add": 68160,
  "ge25519_p1p1_to_p3": 120080,
  "crypto_core_ristretto255_sub": 136160,
  "ge25519_sub": 2293146,
  "crypto_core_ristretto255_scalar_reduce": 3,
  "crypto_core_ed25519_scalar_reduce": 155,
  "sc25519_reduce": 28690,
  "sodium_memzero": 18,
  "crypto_core_ristretto255_scalar_add": 12,
  "crypto_core_ed25519_scalar_add": 1005,
  "sodium_add": 7220,
  "crypto_core_ristretto255_scalar_sub": 8,
  "crypto_core_ed25519_scalar_sub": 968,
  "sodium_sub": 12560,
  "crypto_core_ristretto255_scalar_mul": 8,
  "crypto_core_ristretto255_scalar_negate": 3,
  "crypto_core_ed25519_scalar_negate": 216,
  "crypto_core_ristretto255_scalar_complement": 3,
  "crypto_core_ed25519_scalar_complement": 220,
  "crypto_core_ristretto255_bytes": 2,
  "crypto_core_ristretto255_scalarbytes": 2,
  "crypto_core_ristretto255_nonreducedscalarbytes": 2,
  "crypto_core_ristretto255_hashbytes": 2,
  "fwrite": 80,
  "_start": 10,
  "dummy": 1,
  "__stdio_exit": 102,
  "__stdio_write": 86,
  "writev": 47,
  "__prepare_for_exit": 1
}
