{
  "__wasilibc_populate_preopens": 178,
  "malloc": 6,
  "dlmalloc": 7610,
  "sbrk": 437,
  "calloc": 58,
  "memset": 6582550,
  "memcpy": 2375953,
  "free": 22,
  "dlfree": 2689,
  "__wasm_call_ctors": 1,
  "__original_main": 38,
  "fopen": 32,
  "memchr": 36510,
  "__fmodeflags": 71,
  "strchr": 84,
  "__strchrnul": 322,
  "__wasilibc_open_nomode": 40,
  "__wasilibc_find_relpath": 138,
  "strlen": 242,
  "__wasilibc_openat_nomode": 150,
  "__fdopen": 124,
  "__isatty": 44,
  "__ofl_add": 23,
  "__ofl_lock": 4,
  "__ofl_unlock": 1,
  "sodium_init": 74,
  "_sodium_runtime_get_cpu_features": 2,
  "randombytes_init_if_needed": 79508,
  "randombytes_sysrandom_stir": 2,
  "randombytes_stir": 12,
  "_sodium_alloc_init": 28,
  "sysconf": 76,
  "randombytes_buf": 129103,
  "randombytes_sysrandom_buf": 29793,
  "arc4random_buf": 959101,
  "__getentropy": 16,
  "chacha20_rng": 96876,
  "chacha20_update": 28760994,
  "_crypto_pwhash_argon2_pick_best_implementation": 2,
  "blake2b_pick_best_implementation": 2,
  "_crypto_generichash_blake2b_pick_best_implementation": 2,
  "_crypto_onetimeauth_poly1305_pick_best_implementation": 2,
  "_crypto_scalarmult_curve25519_pick_best_implementation": 2,
  "_crypto_stream_chacha20_pick_best_implementation": 2,
  "_crypto_stream_salsa20_pick_best_implementation": 2,
  "sodium_malloc": 2080,
  "posix_memalign": 680,
  "internal_memalign": 3100,
  "dispose_chunk": 3940,
  "xmain": 311960,
  "crypto_core_ed25519_from_uniform": 2008,
  "ge25519_from_uniform": 174348,
  "fe25519_frombytes": 5757971,
  "ge25519_elligator2": 13007964,
  "fe25519_sq2": 1500046800,
  "fe25519_invert": 30989616,
  "fe25519_sq": 8352085410,
  "fe25519_mul": 11046455750,
  "fe25519_tobytes": 28774928,
  "ge25519_frombytes": 8538011,
  "fe25519_pow22523": 24681760,
  "sodium_is_zero": 31491832,
  "ge25519_p2_dbl": 1430147736,
  "crypto_core_ed25519_is_valid_point": 83409,
  "ge25519_is_canonical": 3584367,
  "ge25519_has_small_order": 17278842,
  "ge25519_is_on_curve": 1312232,
  "ge25519_is_on_main_subgroup": 322165628,
  "ge25519_p3_to_cached": 27052180,
  "ge25519_add": 237540588,
  "ge25519_sub": 55539744,
  "crypto_core_ed25519_random": 27036,
  "randombytes_uniform": 102,
  "arc4random": 50,
  "randombytes_sysrandom": 4,
  "crypto_core_ed25519_add": 25516,
  "ge25519_p1p1_to_p3": 13080,
  "ge25519_p3_tobytes": 184228,
  "memcmp": 3321442,
  "crypto_core_ed25519_sub": 2898,
  "crypto_scalarmult_ed25519": 6,
  "_crypto_scalarmult_ed25519": 2618548,
  "ge25519_scalarmult": 948511365,
  "sodium_add": 7478160,
  "crypto_core_ed25519_scalar_random": 154181,
  "sc25519_is_canonical": 12950495,
  "crypto_scalarmult_ed25519_noclamp": 12024,
  "crypto_core_ed25519_scalar_invert": 20040,
  "sc25519_invert": 4861704,
  "sc25519_mul": 2584083943,
  "crypto_core_ed25519_scalar_reduce": 155,
  "sc25519_reduce": 25921415,
  "sodium_memzero": 15063,
  "explicit_bzero": 30186,
  "crypto_core_ed25519_scalar_complement": 1100,
  "sodium_sub": 12603960,
  "crypto_core_ed25519_scalar_negate": 1080,
  "sodium_bin2hex": 115089,
  "fprintf": 936,
  "vfprintf": 6866,
  "printf_core": 67448,
  "__towrite": 56,
  "__fwritex": 11640,
  "pop_arg": 1326,
  "strnlen": 624,
  "crypto_core_ed25519_scalar_add": 340360,
  "crypto_core_ed25519_scalar_sub": 1937936,
  "__stdio_write": 258,
  "writev": 141,
  "crypto_core_ed25519_scalar_mul": 24868,
  "sodium_free": 16560,
  "crypto_core_ed25519_bytes": 2,
  "crypto_core_ed25519_scalarbytes": 2,
  "crypto_core_ed25519_nonreducedscalarbytes": 2,
  "crypto_core_ed25519_uniformbytes": 2,
  "fwrite": 80,
  "_start": 10,
  "dummy": 1,
  "__stdio_exit": 102,
  "__prepare_for_exit": 1
}
