{
  "__wasilibc_populate_preopens": 178,
  "malloc": 6,
  "dlmalloc": 2291,
  "sbrk": 86,
  "calloc": 58,
  "memset": 2667914,
  "memcpy": 576063,
  "free": 4,
  "dlfree": 243,
  "__wasm_call_ctors": 1,
  "__original_main": 38,
  "fopen": 32,
  "memchr": 1934,
  "__fmodeflags": 71,
  "strchr": 84,
  "__strchrnul": 432,
  "__wasilibc_open_nomode": 40,
  "__wasilibc_find_relpath": 138,
  "strlen": 293,
  "__wasilibc_openat_nomode": 150,
  "__fdopen": 124,
  "__isatty": 44,
  "__ofl_add": 23,
  "__ofl_lock": 4,
  "__ofl_unlock": 1,
  "sodium_init": 74,
  "_sodium_runtime_get_cpu_features": 2,
  "randombytes_init_if_needed": 4036,
  "randombytes_sysrandom_stir": 2,
  "randombytes_stir": 12,
  "_sodium_alloc_init": 28,
  "sysconf": 76,
  "randombytes_buf": 6513,
  "randombytes_sysrandom_buf": 1503,
  "arc4random_buf": 48368,
  "__getentropy": 16,
  "chacha20_rng": 4992,
  "chacha20_update": 1482048,
  "_crypto_pwhash_argon2_pick_best_implementation": 2,
  "blake2b_pick_best_implementation": 2,
  "_crypto_generichash_blake2b_pick_best_implementation": 2,
  "_crypto_onetimeauth_poly1305_pick_best_implementation": 2,
  "_crypto_scalarmult_curve25519_pick_best_implementation": 2,
  "_crypto_stream_chacha20_pick_best_implementation": 2,
  "_crypto_stream_salsa20_pick_best_implementation": 2,
  "sodium_malloc": 208,
  "posix_memalign": 68,
  "internal_memalign": 310,
  "dispose_chunk": 313,
  "xmain": 40713,
  "crypto_sign_ed25519_seed_keypair": 165,
  "crypto_hash_sha512": 112224,
  "crypto_hash_sha512_update": 1133262,
  "crypto_hash_sha512_final": 1179354,
  "SHA512_Transform": 16062060,
  "sodium_memzero": 9015,
  "explicit_bzero": 18036,
  "ge25519_scalarmult_base": 10141131,
  "ge25519_cmov8_base": 396876480,
  "ge25519_madd": 75018944,
  "fe25519_mul": 1545260750,
  "ge25519_p2_dbl": 121780112,
  "fe25519_sq": 841007370,
  "fe25519_sq2": 127566640,
  "ge25519_p3_tobytes": 39579,
  "fe25519_invert": 5578428,
  "fe25519_tobytes": 2743104,
  "crypto_sign_ed25519_pk_to_curve25519": 746083,
  "ge25519_has_small_order": 2156112,
  "ge25519_frombytes_negate_vartime": 389991,
  "fe25519_frombytes": 332483,
  "fe25519_pow22523": 1851040,
  "sodium_is_zero": 1164486,
  "ge25519_is_on_main_subgroup": 40071146,
  "ge25519_p3_to_cached": 2232896,
  "ge25519_add": 10355256,
  "ge25519_sub": 6903504,
  "crypto_sign_ed25519_sk_to_curve25519": 45090,
  "sodium_bin2hex": 5902,
  "fprintf": 48,
  "vfprintf": 354,
  "printf_core": 4586,
  "__towrite": 56,
  "__fwritex": 600,
  "pop_arg": 68,
  "strnlen": 32,
  "crypto_sign_ed25519_keypair": 83500,
  "crypto_scalarmult_curve25519_base": 4000,
  "crypto_scalarmult_curve25519_ref10_base": 641000,
  "memcmp": 548000,
  "sodium_hex2bin": 25158,
  "fwrite": 80,
  "sodium_free": 1656,
  "_start": 10,
  "dummy": 1,
  "__stdio_exit": 102,
  "__stdio_write": 86,
  "writev": 47,
  "__prepare_for_exit": 1
}
