{
  "__wasilibc_populate_preopens": 178,
  "malloc": 6,
  "dlmalloc": 78350,
  "sbrk": 242,
  "calloc": 58,
  "memset": 26570769,
  "memcpy": 2185682,
  "free": 522,
  "dlfree": 51575,
  "__wasm_call_ctors": 1,
  "__original_main": 38,
  "fopen": 32,
  "memchr": 240,
  "__fmodeflags": 71,
  "strchr": 84,
  "__strchrnul": 432,
  "__wasilibc_open_nomode": 40,
  "__wasilibc_find_relpath": 138,
  "strlen": 1623782,
  "__wasilibc_openat_nomode": 150,
  "__fdopen": 124,
  "__isatty": 44,
  "__ofl_add": 23,
  "__ofl_lock": 4,
  "__ofl_unlock": 1,
  "sodium_init": 74,
  "_sodium_runtime_get_cpu_features": 2,
  "randombytes_init_if_needed": 36,
  "randombytes_sysrandom_stir": 2,
  "randombytes_stir": 12,
  "_sodium_alloc_init": 28,
  "sysconf": 76,
  "randombytes_buf": 13,
  "randombytes_sysrandom_buf": 3,
  "arc4random_buf": 109,
  "__getentropy": 16,
  "chacha20_rng": 156,
  "chacha20_update": 46314,
  "_crypto_pwhash_argon2_pick_best_implementation": 2,
  "blake2b_pick_best_implementation": 2,
  "_crypto_generichash_blake2b_pick_best_implementation": 2,
  "_crypto_onetimeauth_poly1305_pick_best_implementation": 2,
  "_crypto_scalarmult_curve25519_pick_best_implementation": 2,
  "_crypto_stream_chacha20_pick_best_implementation": 2,
  "_crypto_stream_salsa20_pick_best_implementation": 2,
  "sodium_malloc": 54080,
  "posix_memalign": 17680,
  "internal_memalign": 80600,
  "dispose_chunk": 105440,
  "xmain": 121843,
  "sodium_hex2bin": 17056740,
  "crypto_generichash": 2592,
  "crypto_generichash_blake2b": 11613,
  "blake2b": 94863,
  "sodium_memzero": 2886,
  "explicit_bzero": 7332,
  "blake2b_final": 87108,
  "blake2b_compress_ref": 5579544,
  "memcmp": 559104,
  "sodium_free": 430560,
  "fprintf": 51456,
  "vfprintf": 377346,
  "printf_core": 3017622,
  "__towrite": 56,
  "__fwritex": 394560,
  "pop_arg": 72896,
  "fputc": 2470,
  "__stdio_write": 430,
  "writev": 235,
  "crypto_generichash_bytes_min": 6,
  "crypto_generichash_bytes_max": 6,
  "crypto_generichash_bytes": 8,
  "crypto_generichash_keybytes_min": 6,
  "crypto_generichash_keybytes_max": 6,
  "crypto_generichash_keybytes": 8,
  "crypto_generichash_primitive": 2,
  "strcmp": 273,
  "crypto_generichash_blake2b_bytes_min": 2,
  "crypto_generichash_blake2b_bytes_max": 2,
  "crypto_generichash_blake2b_bytes": 2,
  "crypto_generichash_blake2b_keybytes_min": 2,
  "crypto_generichash_blake2b_keybytes_max": 2,
  "crypto_generichash_blake2b_keybytes": 2,
  "crypto_generichash_blake2b_saltbytes": 2,
  "crypto_generichash_blake2b_personalbytes": 2,
  "_start": 10,
  "dummy": 1,
  "__stdio_exit": 102,
  "__prepare_for_exit": 1
}
