{
  "__wasilibc_populate_preopens": 178,
  "malloc": 6,
  "dlmalloc": 2882,
  "sbrk": 125,
  "calloc": 58,
  "memset": 378925,
  "memcpy": 953171,
  "free": 6,
  "dlfree": 485,
  "__wasm_call_ctors": 1,
  "__original_main": 38,
  "fopen": 32,
  "memchr": 240,
  "__fmodeflags": 71,
  "strchr": 84,
  "__strchrnul": 322,
  "__wasilibc_open_nomode": 40,
  "__wasilibc_find_relpath": 138,
  "strlen": 242,
  "__wasilibc_openat_nomode": 150,
  "__fdopen": 124,
  "__isatty": 44,
  "__ofl_add": 23,
  "__ofl_lock": 4,
  "__ofl_unlock": 1,
  "sodium_init": 74,
  "_sodium_runtime_get_cpu_features": 2,
  "randombytes_init_if_needed": 36,
  "randombytes_sysrandom_stir": 2,
  "randombytes_stir": 12,
  "_sodium_alloc_init": 28,
  "sysconf": 76,
  "randombytes_buf": 13,
  "randombytes_sysrandom_buf": 3,
  "arc4random_buf": 109,
  "__getentropy": 16,
  "chacha20_rng": 156,
  "chacha20_update": 46314,
  "_crypto_pwhash_argon2_pick_best_implementation": 2,
  "blake2b_pick_best_implementation": 2,
  "_crypto_generichash_blake2b_pick_best_implementation": 2,
  "_crypto_onetimeauth_poly1305_pick_best_implementation": 2,
  "_crypto_scalarmult_curve25519_pick_best_implementation": 2,
  "_crypto_stream_chacha20_pick_best_implementation": 2,
  "_crypto_stream_salsa20_pick_best_implementation": 2,
  "sodium_malloc": 416,
  "posix_memalign": 136,
  "internal_memalign": 620,
  "dispose_chunk": 692,
  "xmain": 86677,
  "crypto_generichash_statebytes": 4,
  "crypto_generichash_init": 432,
  "crypto_generichash_blake2b_init": 3113,
  "blake2b_init_key": 11050,
  "sodium_memzero": 579,
  "explicit_bzero": 1170,
  "crypto_generichash_update": 960,
  "crypto_generichash_blake2b_update": 960,
  "blake2b_update": 15546,
  "crypto_generichash_final": 640,
  "crypto_generichash_blake2b_final": 2304,
  "blake2b_final": 19772,
  "blake2b_compress_ref": 1078032,
  "fprintf": 49920,
  "vfprintf": 366082,
  "printf_core": 2927454,
  "__towrite": 56,
  "__fwritex": 381720,
  "pop_arg": 70720,
  "fputc": 2432,
  "__stdio_write": 430,
  "writev": 235,
  "blake2b_init": 188,
  "sodium_free": 3312,
  "_start": 10,
  "dummy": 1,
  "__stdio_exit": 102,
  "__prepare_for_exit": 1
}
