{
  "__wasilibc_populate_preopens": 178,
  "malloc": 6,
  "dlmalloc": 2291,
  "sbrk": 86,
  "calloc": 58,
  "memset": 106783,
  "memcpy": 65305,
  "free": 4,
  "dlfree": 243,
  "__wasm_call_ctors": 1,
  "__original_main": 38,
  "fopen": 32,
  "memchr": 240,
  "__fmodeflags": 71,
  "strchr": 84,
  "__strchrnul": 322,
  "__wasilibc_open_nomode": 40,
  "__wasilibc_find_relpath": 138,
  "strlen": 180,
  "__wasilibc_openat_nomode": 150,
  "__fdopen": 124,
  "__isatty": 44,
  "__ofl_add": 23,
  "__ofl_lock": 4,
  "__ofl_unlock": 1,
  "sodium_init": 74,
  "_sodium_runtime_get_cpu_features": 2,
  "randombytes_init_if_needed": 36,
  "randombytes_sysrandom_stir": 2,
  "randombytes_stir": 12,
  "_sodium_alloc_init": 28,
  "sysconf": 76,
  "randombytes_buf": 13,
  "randombytes_sysrandom_buf": 3,
  "arc4random_buf": 109,
  "__getentropy": 16,
  "chacha20_rng": 156,
  "chacha20_update": 46314,
  "_crypto_pwhash_argon2_pick_best_implementation": 2,
  "blake2b_pick_best_implementation": 2,
  "_crypto_generichash_blake2b_pick_best_implementation": 2,
  "_crypto_onetimeauth_poly1305_pick_best_implementation": 2,
  "_crypto_scalarmult_curve25519_pick_best_implementation": 2,
  "_crypto_stream_chacha20_pick_best_implementation": 2,
  "_crypto_stream_salsa20_pick_best_implementation": 2,
  "sodium_malloc": 208,
  "posix_memalign": 68,
  "internal_memalign": 310,
  "dispose_chunk": 313,
  "xmain": 7843,
  "crypto_hash": 10,
  "crypto_hash_sha512": 224,
  "crypto_hash_sha512_update": 7080,
  "crypto_hash_sha512_final": 2354,
  "SHA512_Transform": 48090,
  "sodium_memzero": 30,
  "explicit_bzero": 66,
  "fprintf": 4608,
  "vfprintf": 33794,
  "printf_core": 270186,
  "__towrite": 56,
  "__fwritex": 34980,
  "pop_arg": 6528,
  "fputc": 152,
  "crypto_hash_sha256": 144,
  "crypto_hash_sha256_update": 4736,
  "crypto_hash_sha256_final": 1204,
  "SHA256_Transform": 61410,
  "crypto_hash_bytes": 4,
  "crypto_hash_primitive": 2,
  "strcmp": 237,
  "crypto_hash_sha256_bytes": 4,
  "crypto_hash_sha512_bytes": 4,
  "crypto_hash_sha256_statebytes": 2,
  "crypto_hash_sha512_statebytes": 2,
  "sodium_free": 1656,
  "_start": 10,
  "dummy": 1,
  "__stdio_exit": 102,
  "__stdio_write": 86,
  "writev": 47,
  "__prepare_for_exit": 1
}
