{
  "__wasilibc_populate_preopens": 178,
  "malloc": 6,
  "dlmalloc": 23138,
  "sbrk": 203,
  "calloc": 58,
  "memset": 7070984,
  "memcpy": 183676,
  "free": 142,
  "dlfree": 13745,
  "__wasm_call_ctors": 1,
  "__original_main": 38,
  "fopen": 32,
  "memchr": 66989,
  "__fmodeflags": 71,
  "strchr": 84,
  "__strchrnul": 432,
  "__wasilibc_open_nomode": 40,
  "__wasilibc_find_relpath": 138,
  "strlen": 200,
  "__wasilibc_openat_nomode": 150,
  "__fdopen": 124,
  "__isatty": 44,
  "__ofl_add": 23,
  "__ofl_lock": 4,
  "__ofl_unlock": 1,
  "sodium_init": 74,
  "_sodium_runtime_get_cpu_features": 2,
  "randombytes_init_if_needed": 36,
  "randombytes_sysrandom_stir": 2,
  "randombytes_stir": 12,
  "_sodium_alloc_init": 28,
  "sysconf": 76,
  "randombytes_buf": 13,
  "randombytes_sysrandom_buf": 3,
  "arc4random_buf": 109,
  "__getentropy": 16,
  "chacha20_rng": 156,
  "chacha20_update": 46314,
  "_crypto_pwhash_argon2_pick_best_implementation": 2,
  "blake2b_pick_best_implementation": 2,
  "_crypto_generichash_blake2b_pick_best_implementation": 2,
  "_crypto_onetimeauth_poly1305_pick_best_implementation": 2,
  "_crypto_scalarmult_curve25519_pick_best_implementation": 2,
  "_crypto_stream_chacha20_pick_best_implementation": 2,
  "_crypto_stream_salsa20_pick_best_implementation": 2,
  "sodium_malloc": 14560,
  "posix_memalign": 4760,
  "internal_memalign": 21700,
  "dispose_chunk": 28300,
  "xmain": 5018,
  "crypto_kdf_derive_from_key": 532,
  "crypto_kdf_blake2b_derive_from_key": 4424,
  "crypto_generichash_blake2b_salt_personal": 2242,
  "blake2b_salt_personal": 13334,
  "sodium_memzero": 531,
  "explicit_bzero": 1482,
  "blake2b_final": 12036,
  "blake2b_compress_ref": 429756,
  "sodium_bin2hex": 238901,
  "fprintf": 1824,
  "vfprintf": 13378,
  "printf_core": 136207,
  "__towrite": 56,
  "__fwritex": 19170,
  "pop_arg": 2584,
  "strnlen": 944,
  "__stdio_write": 516,
  "writev": 282,
  "sodium_free": 115920,
  "crypto_kdf_primitive": 2,
  "strcmp": 273,
  "crypto_kdf_bytes_min": 4,
  "crypto_kdf_bytes_max": 4,
  "crypto_kdf_contextbytes": 4,
  "crypto_kdf_keybytes": 4,
  "crypto_kdf_blake2b_bytes_min": 2,
  "crypto_kdf_blake2b_bytes_max": 2,
  "crypto_kdf_blake2b_contextbytes": 2,
  "crypto_kdf_blake2b_keybytes": 2,
  "fwrite": 80,
  "_start": 10,
  "dummy": 1,
  "__stdio_exit": 102,
  "__prepare_for_exit": 1
}
