{
  "__wasilibc_populate_preopens": 178,
  "malloc": 6,
  "dlmalloc": 9240,
  "sbrk": 125,
  "calloc": 58,
  "memset": 2375641,
  "memcpy": 5999,
  "free": 50,
  "dlfree": 5809,
  "__wasm_call_ctors": 1,
  "__original_main": 38,
  "fopen": 32,
  "memchr": 240,
  "__fmodeflags": 71,
  "strchr": 84,
  "__strchrnul": 432,
  "__wasilibc_open_nomode": 40,
  "__wasilibc_find_relpath": 138,
  "strlen": 215,
  "__wasilibc_openat_nomode": 150,
  "__fdopen": 124,
  "__isatty": 44,
  "__ofl_add": 23,
  "__ofl_lock": 4,
  "__ofl_unlock": 1,
  "sodium_init": 74,
  "_sodium_runtime_get_cpu_features": 2,
  "randombytes_init_if_needed": 228,
  "randombytes_sysrandom_stir": 2,
  "randombytes_stir": 12,
  "_sodium_alloc_init": 28,
  "sysconf": 76,
  "randombytes_buf": 325,
  "randombytes_sysrandom_buf": 75,
  "arc4random_buf": 2382,
  "__getentropy": 16,
  "chacha20_rng": 312,
  "chacha20_update": 92628,
  "_crypto_pwhash_argon2_pick_best_implementation": 2,
  "blake2b_pick_best_implementation": 2,
  "_crypto_generichash_blake2b_pick_best_implementation": 2,
  "_crypto_onetimeauth_poly1305_pick_best_implementation": 2,
  "_crypto_scalarmult_curve25519_pick_best_implementation": 2,
  "_crypto_stream_chacha20_pick_best_implementation": 2,
  "_crypto_stream_salsa20_pick_best_implementation": 2,
  "sodium_malloc": 4992,
  "posix_memalign": 1632,
  "internal_memalign": 7440,
  "dispose_chunk": 9030,
  "xmain": 1536,
  "crypto_auth_keygen": 3,
  "sodium_free": 39744,
  "explicit_bzero": 144,
  "crypto_auth_hmacsha256_keygen": 3,
  "crypto_aead_aes256gcm_keygen": 3,
  "crypto_auth_hmacsha512_keygen": 3,
  "crypto_auth_hmacsha512256_keygen": 3,
  "crypto_generichash_keygen": 3,
  "crypto_generichash_blake2b_keygen": 3,
  "crypto_kdf_keygen": 3,
  "crypto_onetimeauth_keygen": 3,
  "crypto_onetimeauth_poly1305_keygen": 3,
  "crypto_aead_chacha20poly1305_ietf_keygen": 6,
  "crypto_aead_chacha20poly1305_keygen": 3,
  "crypto_aead_xchacha20poly1305_ietf_keygen": 3,
  "crypto_secretbox_xsalsa20poly1305_keygen": 3,
  "crypto_secretbox_keygen": 3,
  "crypto_secretstream_xchacha20poly1305_keygen": 3,
  "crypto_shorthash_keygen": 6,
  "crypto_stream_keygen": 3,
  "crypto_stream_chacha20_keygen": 3,
  "crypto_stream_chacha20_ietf_keygen": 3,
  "crypto_stream_salsa20_keygen": 3,
  "crypto_stream_xsalsa20_keygen": 3,
  "fwrite": 86,
  "__towrite": 56,
  "_start": 10,
  "dummy": 1,
  "__stdio_exit": 102,
  "__stdio_write": 86,
  "writev": 47,
  "__prepare_for_exit": 1
}
