{
  "__wasilibc_populate_preopens": 178,
  "malloc": 6,
  "dlmalloc": 7610,
  "sbrk": 437,
  "calloc": 58,
  "memset": 1029304,
  "memcpy": 29006,
  "free": 22,
  "dlfree": 3014,
  "__wasm_call_ctors": 1,
  "__original_main": 38,
  "fopen": 32,
  "memchr": 5322,
  "__fmodeflags": 71,
  "strchr": 84,
  "__strchrnul": 432,
  "__wasilibc_open_nomode": 40,
  "__wasilibc_find_relpath": 138,
  "strlen": 184,
  "__wasilibc_openat_nomode": 150,
  "__fdopen": 124,
  "__isatty": 44,
  "__ofl_add": 23,
  "__ofl_lock": 4,
  "__ofl_unlock": 1,
  "sodium_init": 74,
  "_sodium_runtime_get_cpu_features": 2,
  "randombytes_init_if_needed": 84,
  "randombytes_sysrandom_stir": 2,
  "randombytes_stir": 12,
  "_sodium_alloc_init": 28,
  "sysconf": 76,
  "randombytes_buf": 91,
  "randombytes_sysrandom_buf": 21,
  "arc4random_buf": 655,
  "__getentropy": 16,
  "chacha20_rng": 156,
  "chacha20_update": 46314,
  "_crypto_pwhash_argon2_pick_best_implementation": 2,
  "blake2b_pick_best_implementation": 2,
  "_crypto_generichash_blake2b_pick_best_implementation": 2,
  "_crypto_onetimeauth_poly1305_pick_best_implementation": 2,
  "_crypto_scalarmult_curve25519_pick_best_implementation": 2,
  "_crypto_stream_chacha20_pick_best_implementation": 2,
  "_crypto_stream_salsa20_pick_best_implementation": 2,
  "sodium_malloc": 2080,
  "posix_memalign": 680,
  "internal_memalign": 3100,
  "dispose_chunk": 3940,
  "xmain": 491,
  "crypto_kx_seed_keypair": 36,
  "crypto_generichash": 24,
  "crypto_generichash_blake2b": 108,
  "blake2b": 525,
  "blake2b_final": 2652,
  "blake2b_compress_ref": 94692,
  "sodium_memzero": 168,
  "explicit_bzero": 396,
  "crypto_scalarmult_base": 20,
  "crypto_scalarmult_curve25519_base": 40,
  "crypto_scalarmult_curve25519_ref10_base": 6410,
  "ge25519_scalarmult_base": 50655,
  "ge25519_cmov8_base": 1982400,
  "ge25519_madd": 374720,
  "fe25519_mul": 20948125,
  "ge25519_p2_dbl": 18520,
  "fe25519_sq": 13085100,
  "fe25519_sq2": 19400,
  "fe25519_invert": 55710,
  "fe25519_tobytes": 10920,
  "sodium_bin2hex": 17706,
  "fprintf": 144,
  "vfprintf": 1058,
  "printf_core": 12270,
  "__towrite": 56,
  "__fwritex": 1800,
  "pop_arg": 204,
  "strnlen": 96,
  "crypto_kx_keypair": 12,
  "crypto_kx_client_session_keys": 6543,
  "crypto_scalarmult": 60,
  "crypto_scalarmult_curve25519": 10160,
  "crypto_scalarmult_curve25519_ref10": 5191900,
  "fe25519_frombytes": 6610,
  "crypto_generichash_init": 60,
  "crypto_generichash_blake2b_init": 420,
  "blake2b_init": 940,
  "crypto_generichash_update": 150,
  "crypto_generichash_blake2b_update": 150,
  "blake2b_update": 2100,
  "crypto_generichash_final": 50,
  "crypto_generichash_blake2b_final": 180,
  "crypto_kx_server_session_keys": 9793,
  "memcmp": 5567,
  "sodium_increment": 2120,
  "sodium_free": 16560,
  "crypto_kx_primitive": 2,
  "strcmp": 489,
  "crypto_kx_publickeybytes": 2,
  "crypto_kx_secretkeybytes": 2,
  "crypto_kx_seedbytes": 2,
  "crypto_kx_sessionkeybytes": 2,
  "fwrite": 80,
  "_start": 10,
  "dummy": 1,
  "__stdio_exit": 102,
  "__stdio_write": 86,
  "writev": 47,
  "__prepare_for_exit": 1
}
