{
  "__wasilibc_populate_preopens": 178,
  "malloc": 6,
  "dlmalloc": 4627499,
  "sbrk": 242,
  "calloc": 58,
  "memset": 1619180415,
  "memcpy": 30026230,
  "free": 32004,
  "dlfree": 3308243,
  "__wasm_call_ctors": 1,
  "__original_main": 38,
  "fopen": 32,
  "memchr": 240,
  "__fmodeflags": 71,
  "strchr": 84,
  "__strchrnul": 432,
  "__wasilibc_open_nomode": 40,
  "__wasilibc_find_relpath": 138,
  "strlen": 262,
  "__wasilibc_openat_nomode": 150,
  "__fdopen": 124,
  "__isatty": 44,
  "__ofl_add": 23,
  "__ofl_lock": 4,
  "__ofl_unlock": 1,
  "sodium_init": 74,
  "_sodium_runtime_get_cpu_features": 2,
  "randombytes_init_if_needed": 287324,
  "randombytes_sysrandom_stir": 2,
  "randombytes_stir": 12,
  "_sodium_alloc_init": 28,
  "sysconf": 76,
  "randombytes_buf": 103973,
  "randombytes_sysrandom_buf": 23979,
  "arc4random_buf": 2196956,
  "__getentropy": 16,
  "chacha20_rng": 364884,
  "chacha20_update": 108328446,
  "_crypto_pwhash_argon2_pick_best_implementation": 2,
  "blake2b_pick_best_implementation": 2,
  "_crypto_generichash_blake2b_pick_best_implementation": 2,
  "_crypto_onetimeauth_poly1305_pick_best_implementation": 2,
  "_crypto_scalarmult_curve25519_pick_best_implementation": 2,
  "_crypto_stream_chacha20_pick_best_implementation": 2,
  "_crypto_stream_salsa20_pick_best_implementation": 2,
  "sodium_malloc": 3328208,
  "posix_memalign": 1088068,
  "internal_memalign": 4960310,
  "dispose_chunk": 6388313,
  "xmain": 404022,
  "randombytes_uniform": 711686,
  "arc4random": 347775,
  "randombytes_sysrandom": 27822,
  "crypto_generichash_init": 6000,
  "crypto_generichash_blake2b_init": 45000,
  "blake2b_init_key": 170000,
  "sodium_memzero": 145317,
  "explicit_bzero": 386640,
  "crypto_generichash_update": 15000,
  "crypto_generichash_blake2b_update": 15000,
  "blake2b_update": 366078,
  "blake2b_compress_ref": 50623800,
  "crypto_generichash_final": 5000,
  "crypto_generichash_blake2b_final": 18000,
  "blake2b_final": 544000,
  "crypto_generichash": 8000,
  "crypto_generichash_blake2b": 36000,
  "blake2b": 413775,
  "memcmp": 5185074,
  "sodium_free": 26497656,
  "crypto_onetimeauth_keygen": 3000,
  "crypto_onetimeauth_init": 4000,
  "crypto_onetimeauth_poly1305_init": 8000,
  "crypto_onetimeauth_poly1305_donna_init": 184000,
  "crypto_onetimeauth_update": 15000,
  "crypto_onetimeauth_poly1305_update": 27000,
  "crypto_onetimeauth_poly1305_donna_update": 15000,
  "poly1305_update": 1819446,
  "poly1305_blocks": 14030086,
  "crypto_onetimeauth_final": 4000,
  "crypto_onetimeauth_poly1305_final": 8000,
  "crypto_onetimeauth_poly1305_donna_final": 4000,
  "poly1305_finish": 855986,
  "crypto_onetimeauth": 6000,
  "crypto_onetimeauth_poly1305": 10000,
  "crypto_onetimeauth_poly1305_donna": 153000,
  "crypto_auth_hmacsha256_keygen": 3000,
  "crypto_auth_hmacsha256_init": 4682000,
  "crypto_hash_sha256_init": 168000,
  "crypto_hash_sha256_update": 20219854,
  "SHA256_Transform": 186735528,
  "crypto_auth_hmacsha256_update": 21000,
  "crypto_auth_hmacsha256_final": 35000,
  "crypto_hash_sha256_final": 2289408,
  "crypto_auth_hmacsha256": 57000,
  "crypto_auth_hmacsha512_keygen": 3000,
  "crypto_auth_hmacsha512_init": 4530000,
  "crypto_hash_sha512_init": 360000,
  "crypto_hash_sha512_update": 36282638,
  "SHA512_Transform": 179792480,
  "crypto_auth_hmacsha512_update": 21000,
  "crypto_auth_hmacsha512_final": 35000,
  "crypto_hash_sha512_final": 4714136,
  "crypto_auth_hmacsha512": 57000,
  "fwrite": 86,
  "__towrite": 56,
  "_start": 10,
  "dummy": 1,
  "__stdio_exit": 102,
  "__stdio_write": 86,
  "writev": 47,
  "__prepare_for_exit": 1
}
