{
  "__wasilibc_populate_preopens": 178,
  "malloc": 6,
  "dlmalloc": 2291,
  "sbrk": 86,
  "calloc": 58,
  "memset": 100457,
  "memcpy": 15857,
  "free": 4,
  "dlfree": 243,
  "__wasm_call_ctors": 1,
  "__original_main": 38,
  "fopen": 32,
  "memchr": 240,
  "__fmodeflags": 71,
  "strchr": 84,
  "__strchrnul": 432,
  "__wasilibc_open_nomode": 40,
  "__wasilibc_find_relpath": 138,
  "strlen": 262,
  "__wasilibc_openat_nomode": 150,
  "__fdopen": 124,
  "__isatty": 44,
  "__ofl_add": 23,
  "__ofl_lock": 4,
  "__ofl_unlock": 1,
  "sodium_init": 74,
  "_sodium_runtime_get_cpu_features": 2,
  "randombytes_init_if_needed": 36,
  "randombytes_sysrandom_stir": 2,
  "randombytes_stir": 12,
  "_sodium_alloc_init": 28,
  "sysconf": 76,
  "randombytes_buf": 13,
  "randombytes_sysrandom_buf": 3,
  "arc4random_buf": 109,
  "__getentropy": 16,
  "chacha20_rng": 156,
  "chacha20_update": 46314,
  "_crypto_pwhash_argon2_pick_best_implementation": 2,
  "blake2b_pick_best_implementation": 2,
  "_crypto_generichash_blake2b_pick_best_implementation": 2,
  "_crypto_onetimeauth_poly1305_pick_best_implementation": 2,
  "_crypto_scalarmult_curve25519_pick_best_implementation": 2,
  "_crypto_stream_chacha20_pick_best_implementation": 2,
  "_crypto_stream_salsa20_pick_best_implementation": 2,
  "sodium_malloc": 208,
  "posix_memalign": 68,
  "internal_memalign": 310,
  "dispose_chunk": 313,
  "xmain": 1594,
  "crypto_onetimeauth_statebytes": 6,
  "crypto_onetimeauth": 6,
  "crypto_onetimeauth_poly1305": 10,
  "crypto_onetimeauth_poly1305_donna": 153,
  "poly1305_update": 1171,
  "poly1305_blocks": 8358,
  "poly1305_finish": 862,
  "sodium_memzero": 6,
  "explicit_bzero": 18,
  "fprintf": 768,
  "vfprintf": 5634,
  "printf_core": 57140,
  "__towrite": 56,
  "__fwritex": 8040,
  "pop_arg": 1088,
  "fputc": 152,
  "crypto_onetimeauth_init": 4,
  "crypto_onetimeauth_poly1305_init": 8,
  "crypto_onetimeauth_poly1305_donna_init": 184,
  "crypto_onetimeauth_update": 15,
  "crypto_onetimeauth_poly1305_update": 27,
  "crypto_onetimeauth_poly1305_donna_update": 15,
  "crypto_onetimeauth_final": 4,
  "crypto_onetimeauth_poly1305_final": 8,
  "crypto_onetimeauth_poly1305_donna_final": 4,
  "crypto_onetimeauth_bytes": 4,
  "crypto_onetimeauth_keybytes": 4,
  "crypto_onetimeauth_primitive": 2,
  "strcmp": 309,
  "crypto_onetimeauth_poly1305_bytes": 2,
  "crypto_onetimeauth_poly1305_keybytes": 2,
  "crypto_onetimeauth_poly1305_statebytes": 2,
  "sodium_free": 1656,
  "_start": 10,
  "dummy": 1,
  "__stdio_exit": 102,
  "__stdio_write": 86,
  "writev": 47,
  "__prepare_for_exit": 1
}
