{
  "__wasilibc_populate_preopens": 178,
  "malloc": 6,
  "dlmalloc": 2291,
  "sbrk": 86,
  "calloc": 58,
  "memset": 3180158,
  "memcpy": 4100196,
  "free": 4,
  "dlfree": 243,
  "__wasm_call_ctors": 1,
  "__original_main": 38,
  "fopen": 32,
  "memchr": 240,
  "__fmodeflags": 71,
  "strchr": 84,
  "__strchrnul": 322,
  "__wasilibc_open_nomode": 40,
  "__wasilibc_find_relpath": 138,
  "strlen": 242,
  "__wasilibc_openat_nomode": 150,
  "__fdopen": 124,
  "__isatty": 44,
  "__ofl_add": 23,
  "__ofl_lock": 4,
  "__ofl_unlock": 1,
  "sodium_init": 74,
  "_sodium_runtime_get_cpu_features": 2,
  "randombytes_init_if_needed": 16036,
  "randombytes_sysrandom_stir": 2,
  "randombytes_stir": 12,
  "_sodium_alloc_init": 28,
  "sysconf": 76,
  "randombytes_buf": 26008,
  "randombytes_sysrandom_buf": 6000,
  "arc4random_buf": 626431,
  "__getentropy": 16,
  "chacha20_rng": 166920,
  "chacha20_update": 49555980,
  "_crypto_pwhash_argon2_pick_best_implementation": 2,
  "blake2b_pick_best_implementation": 2,
  "_crypto_generichash_blake2b_pick_best_implementation": 2,
  "_crypto_onetimeauth_poly1305_pick_best_implementation": 2,
  "_crypto_scalarmult_curve25519_pick_best_implementation": 2,
  "_crypto_stream_chacha20_pick_best_implementation": 2,
  "_crypto_stream_salsa20_pick_best_implementation": 2,
  "sodium_malloc": 208,
  "posix_memalign": 68,
  "internal_memalign": 310,
  "dispose_chunk": 313,
  "xmain": 119948,
  "crypto_onetimeauth_keygen": 3000,
  "crypto_onetimeauth": 6000,
  "crypto_onetimeauth_poly1305": 10000,
  "crypto_onetimeauth_poly1305_donna": 153000,
  "poly1305_update": 1362842,
  "poly1305_finish": 1708908,
  "sodium_memzero": 11994,
  "explicit_bzero": 23994,
  "crypto_onetimeauth_verify": 17988,
  "crypto_onetimeauth_poly1305_verify": 29980,
  "crypto_onetimeauth_poly1305_donna_verify": 518654,
  "crypto_verify_16": 2602264,
  "poly1305_blocks": 53533564,
  "arc4random": 99900,
  "sodium_free": 1656,
  "_start": 10,
  "dummy": 1,
  "__stdio_exit": 96,
  "__prepare_for_exit": 1
}
