{
  "__wasilibc_populate_preopens": 178,
  "malloc": 480,
  "dlmalloc": 45965,
  "sbrk": 283,
  "calloc": 1808,
  "memset": 7738611,
  "memcpy": 4960365555,
  "free": 464,
  "dlfree": 47961,
  "__wasm_call_ctors": 1,
  "__original_main": 38,
  "fopen": 32,
  "memchr": 40497,
  "__fmodeflags": 71,
  "strchr": 84,
  "__strchrnul": 432,
  "__wasilibc_open_nomode": 40,
  "__wasilibc_find_relpath": 138,
  "strlen": 116794,
  "__wasilibc_openat_nomode": 150,
  "__fdopen": 124,
  "__isatty": 44,
  "__ofl_add": 23,
  "__ofl_lock": 4,
  "__ofl_unlock": 1,
  "sodium_init": 74,
  "_sodium_runtime_get_cpu_features": 2,
  "randombytes_init_if_needed": 76,
  "randombytes_sysrandom_stir": 2,
  "randombytes_stir": 12,
  "_sodium_alloc_init": 28,
  "sysconf": 76,
  "randombytes_buf": 78,
  "randombytes_sysrandom_buf": 18,
  "arc4random_buf": 564,
  "__getentropy": 16,
  "chacha20_rng": 156,
  "chacha20_update": 46314,
  "_crypto_pwhash_argon2_pick_best_implementation": 2,
  "blake2b_pick_best_implementation": 2,
  "_crypto_generichash_blake2b_pick_best_implementation": 2,
  "_crypto_onetimeauth_poly1305_pick_best_implementation": 2,
  "_crypto_scalarmult_curve25519_pick_best_implementation": 2,
  "_crypto_stream_chacha20_pick_best_implementation": 2,
  "_crypto_stream_salsa20_pick_best_implementation": 2,
  "sodium_malloc": 3328,
  "posix_memalign": 2847,
  "internal_memalign": 12782,
  "dispose_chunk": 10109,
  "xmain": 3181,
  "sodium_hex2bin": 380160,
  "crypto_pwhash_alg_default": 24,
  "crypto_pwhash": 260,
  "crypto_pwhash_argon2id": 1279,
  "argon2id_hash_raw": 126,
  "argon2_hash": 2866,
  "argon2_ctx": 4820,
  "argon2_validate_inputs": 9080,
  "argon2_initialize": 243180,
  "crypto_generichash_blake2b_init": 4452,
  "blake2b_init": 9964,
  "crypto_generichash_blake2b_update": 2310,
  "blake2b_update": 51402,
  "crypto_generichash_blake2b_final": 1908,
  "blake2b_final": 374544,
  "blake2b_compress_ref": 14815656,
  "sodium_memzero": 11646,
  "explicit_bzero": 23388,
  "blake2b_long": 231410,
  "crypto_generichash_blake2b": 61884,
  "blake2b": 300825,
  "argon2_fill_memory_blocks": 26233,
  "argon2_fill_segment_ref": 3142599030,
  "fill_block_with_xor": 9352671232,
  "argon2_finalize": 17431,
  "argon2_free_instance": 1009,
  "sodium_bin2hex": 157781,
  "fprintf": 312,
  "vfprintf": 2290,
  "printf_core": 28220,
  "__towrite": 56,
  "__fwritex": 3330,
  "pop_arg": 442,
  "strnlen": 144,
  "__stdio_write": 344,
  "writev": 188,
  "crypto_pwhash_argon2id_alg_argon2id13": 12,
  "crypto_pwhash_alg_argon2i13": 8,
  "crypto_pwhash_str_verify": 202,
  "strncmp": 59994,
  "crypto_pwhash_argon2id_str_verify": 573,
  "argon2id_verify": 114,
  "argon2_verify": 3152,
  "argon2_decode_string": 43277,
  "sodium_base642bin": 638083,
  "sodium_free": 26496,
  "sodium_memcmp": 17336,
  "crypto_pwhash_str": 35,
  "crypto_pwhash_argon2id_str": 417,
  "argon2id_hash_encoded": 56,
  "argon2_encode_string": 3792,
  "sodium_bin2base64": 63265,
  "strcmp": 1774,
  "crypto_pwhash_str_needs_rehash": 92,
  "crypto_pwhash_argon2id_str_needs_rehash": 108,
  "_needs_rehash": 4951,
  "crypto_pwhash_argon2i_str_needs_rehash": 78,
  "sodium_is_zero": 1844,
  "crypto_pwhash_str_alg": 46,
  "crypto_pwhash_argon2i_str": 82,
  "argon2i_hash_encoded": 14,
  "crypto_pwhash_argon2i_str_verify": 24,
  "argon2i_verify": 6,
  "crypto_pwhash_bytes_min": 8,
  "crypto_pwhash_bytes_max": 6,
  "crypto_pwhash_passwd_max": 6,
  "crypto_pwhash_passwd_min": 6,
  "crypto_pwhash_saltbytes": 6,
  "crypto_pwhash_strbytes": 8,
  "crypto_pwhash_strprefix": 4,
  "crypto_pwhash_opslimit_min": 6,
  "crypto_pwhash_opslimit_max": 6,
  "crypto_pwhash_memlimit_min": 6,
  "crypto_pwhash_memlimit_max": 6,
  "crypto_pwhash_opslimit_interactive": 6,
  "crypto_pwhash_memlimit_interactive": 6,
  "crypto_pwhash_opslimit_moderate": 6,
  "crypto_pwhash_memlimit_moderate": 6,
  "crypto_pwhash_opslimit_sensitive": 6,
  "crypto_pwhash_memlimit_sensitive": 6,
  "crypto_pwhash_primitive": 2,
  "crypto_pwhash_argon2id_bytes_min": 2,
  "crypto_pwhash_argon2id_bytes_max": 2,
  "crypto_pwhash_argon2id_passwd_min": 2,
  "crypto_pwhash_argon2id_passwd_max": 2,
  "crypto_pwhash_argon2id_saltbytes": 2,
  "crypto_pwhash_argon2id_strbytes": 2,
  "crypto_pwhash_argon2id_strprefix": 2,
  "crypto_pwhash_argon2id_opslimit_min": 2,
  "crypto_pwhash_argon2id_opslimit_max": 2,
  "crypto_pwhash_argon2id_memlimit_min": 2,
  "crypto_pwhash_argon2id_memlimit_max": 2,
  "crypto_pwhash_argon2id_opslimit_interactive": 2,
  "crypto_pwhash_argon2id_opslimit_moderate": 2,
  "crypto_pwhash_argon2id_opslimit_sensitive": 2,
  "crypto_pwhash_argon2id_memlimit_interactive": 2,
  "crypto_pwhash_argon2id_memlimit_moderate": 2,
  "crypto_pwhash_argon2id_memlimit_sensitive": 2,
  "crypto_pwhash_alg_argon2id13": 8,
  "crypto_pwhash_argon2i": 58,
  "fwrite": 80,
  "_start": 10,
  "dummy": 1,
  "__stdio_exit": 102,
  "__prepare_for_exit": 1
}
