{
  "__wasilibc_populate_preopens": 178,
  "malloc": 6,
  "dlmalloc": 32017,
  "sbrk": 242,
  "calloc": 58,
  "memset": 14731717,
  "memcpy": 5739889,
  "free": 202,
  "dlfree": 34823,
  "__wasm_call_ctors": 1,
  "__original_main": 38,
  "fopen": 32,
  "memchr": 114877,
  "__fmodeflags": 71,
  "strchr": 84,
  "__strchrnul": 386,
  "__wasilibc_open_nomode": 40,
  "__wasilibc_find_relpath": 138,
  "strlen": 137434,
  "__wasilibc_openat_nomode": 150,
  "__fdopen": 124,
  "__isatty": 44,
  "__ofl_add": 23,
  "__ofl_lock": 4,
  "__ofl_unlock": 1,
  "sodium_init": 74,
  "_sodium_runtime_get_cpu_features": 2,
  "randombytes_init_if_needed": 52,
  "randombytes_sysrandom_stir": 2,
  "randombytes_stir": 12,
  "_sodium_alloc_init": 28,
  "sysconf": 76,
  "randombytes_buf": 39,
  "randombytes_sysrandom_buf": 9,
  "arc4random_buf": 291,
  "__getentropy": 16,
  "chacha20_rng": 156,
  "chacha20_update": 46314,
  "_crypto_pwhash_argon2_pick_best_implementation": 2,
  "blake2b_pick_best_implementation": 2,
  "_crypto_generichash_blake2b_pick_best_implementation": 2,
  "_crypto_onetimeauth_poly1305_pick_best_implementation": 2,
  "_crypto_scalarmult_curve25519_pick_best_implementation": 2,
  "_crypto_stream_chacha20_pick_best_implementation": 2,
  "_crypto_stream_salsa20_pick_best_implementation": 2,
  "sodium_malloc": 14560,
  "posix_memalign": 6800,
  "internal_memalign": 31000,
  "dispose_chunk": 33079,
  "xmain": 4946,
  "sodium_hex2bin": 494804,
  "crypto_pwhash_scryptsalsa208sha256": 4548,
  "crypto_pwhash_scryptsalsa208sha256_ll": 429,
  "escrypt_init_local": 440,
  "escrypt_kdf_nosse": 7953727150,
  "escrypt_free_region": 600,
  "escrypt_alloc_region": 1680,
  "escrypt_PBKDF2_SHA256": 622318,
  "crypto_auth_hmacsha256_init": 125776,
  "crypto_hash_sha256_init": 6552,
  "crypto_hash_sha256_update": 5079573,
  "SHA256_Transform": 108916776,
  "sodium_memzero": 53637,
  "explicit_bzero": 107694,
  "crypto_hash_sha256_final": 3975408,
  "crypto_auth_hmacsha256_update": 24787,
  "crypto_auth_hmacsha256_final": 121835,
  "blockmix_salsa8": 7261581312,
  "salsa20_8": 33466368000,
  "escrypt_free_local": 820,
  "sodium_bin2hex": 182650,
  "fprintf": 840,
  "vfprintf": 6162,
  "printf_core": 75312,
  "__towrite": 56,
  "__fwritex": 9690,
  "pop_arg": 1190,
  "strnlen": 192,
  "__stdio_write": 344,
  "writev": 188,
  "fwrite": 160,
  "crypto_pwhash_scryptsalsa208sha256_str_verify": 81977,
  "escrypt_r": 88380,
  "decode64_uint32": 8775,
  "strrchr": 270,
  "__memrchr": 41561,
  "sodium_memcmp": 83912,
  "sodium_free": 115920,
  "crypto_pwhash_scryptsalsa208sha256_str": 1150,
  "escrypt_gensalt_r": 8920,
  "strcmp": 544,
  "crypto_pwhash_scryptsalsa208sha256_str_needs_rehash": 21022,
  "escrypt_parse_setting": 486,
  "crypto_pwhash_str_needs_rehash": 44,
  "strncmp": 436,
  "crypto_pwhash_scryptsalsa208sha256_bytes_min": 4,
  "crypto_pwhash_scryptsalsa208sha256_bytes_max": 2,
  "crypto_pwhash_scryptsalsa208sha256_passwd_max": 2,
  "crypto_pwhash_scryptsalsa208sha256_passwd_min": 2,
  "crypto_pwhash_scryptsalsa208sha256_saltbytes": 2,
  "crypto_pwhash_scryptsalsa208sha256_strbytes": 4,
  "crypto_pwhash_scryptsalsa208sha256_strprefix": 2,
  "crypto_pwhash_scryptsalsa208sha256_opslimit_min": 2,
  "crypto_pwhash_scryptsalsa208sha256_opslimit_max": 2,
  "crypto_pwhash_scryptsalsa208sha256_memlimit_min": 2,
  "crypto_pwhash_scryptsalsa208sha256_memlimit_max": 2,
  "crypto_pwhash_scryptsalsa208sha256_opslimit_interactive": 2,
  "crypto_pwhash_scryptsalsa208sha256_memlimit_interactive": 2,
  "crypto_pwhash_scryptsalsa208sha256_opslimit_sensitive": 2,
  "crypto_pwhash_scryptsalsa208sha256_memlimit_sensitive": 2,
  "_start": 10,
  "dummy": 1,
  "__stdio_exit": 102,
  "__prepare_for_exit": 1
}
