{
  "__wasilibc_populate_preopens": 178,
  "malloc": 6,
  "dlmalloc": 4096,
  "sbrk": 164,
  "calloc": 58,
  "memset": 1321445,
  "memcpy": 1107753,
  "free": 10,
  "dlfree": 1155,
  "__wasm_call_ctors": 1,
  "__original_main": 51,
  "fopen": 32,
  "memchr": 1720,
  "__fmodeflags": 71,
  "strchr": 84,
  "__strchrnul": 322,
  "__wasilibc_open_nomode": 40,
  "__wasilibc_find_relpath": 138,
  "strlen": 1132,
  "__wasilibc_openat_nomode": 150,
  "__fdopen": 124,
  "__isatty": 44,
  "__ofl_add": 23,
  "__ofl_lock": 4,
  "__ofl_unlock": 1,
  "sodium_init": 74,
  "_sodium_runtime_get_cpu_features": 2,
  "randombytes_init_if_needed": 36,
  "randombytes_sysrandom_stir": 2,
  "randombytes_stir": 12,
  "_sodium_alloc_init": 28,
  "sysconf": 76,
  "randombytes_buf": 13,
  "randombytes_sysrandom_buf": 3,
  "arc4random_buf": 109,
  "__getentropy": 16,
  "chacha20_rng": 156,
  "chacha20_update": 46314,
  "_crypto_pwhash_argon2_pick_best_implementation": 2,
  "blake2b_pick_best_implementation": 2,
  "_crypto_generichash_blake2b_pick_best_implementation": 2,
  "_crypto_onetimeauth_poly1305_pick_best_implementation": 2,
  "_crypto_scalarmult_curve25519_pick_best_implementation": 2,
  "_crypto_stream_chacha20_pick_best_implementation": 2,
  "_crypto_stream_salsa20_pick_best_implementation": 2,
  "sodium_malloc": 208,
  "posix_memalign": 272,
  "internal_memalign": 1240,
  "dispose_chunk": 1186,
  "tv": 12156,
  "crypto_pwhash_scryptsalsa208sha256_ll": 117,
  "escrypt_init_local": 30,
  "escrypt_kdf_nosse": 522446574,
  "escrypt_free_region": 60,
  "escrypt_alloc_region": 168,
  "escrypt_PBKDF2_SHA256": 98882,
  "crypto_auth_hmacsha256_init": 3854,
  "crypto_hash_sha256_init": 504,
  "crypto_hash_sha256_update": 760543,
  "SHA256_Transform": 17121108,
  "sodium_memzero": 8409,
  "explicit_bzero": 16824,
  "crypto_auth_hmacsha256_update": 3920,
  "crypto_auth_hmacsha256_final": 19390,
  "crypto_hash_sha256_final": 629344,
  "blockmix_salsa8": 477792256,
  "salsa20_8": 2196900800,
  "escrypt_free_local": 54,
  "fprintf": 4680,
  "vfprintf": 34322,
  "printf_core": 378294,
  "__towrite": 56,
  "__fwritex": 74760,
  "pop_arg": 13668,
  "strnlen": 96,
  "sodium_free": 1656,
  "_start": 10,
  "dummy": 1,
  "__stdio_exit": 102,
  "__stdio_write": 86,
  "writev": 47,
  "__prepare_for_exit": 1
}
