{
  "__wasilibc_populate_preopens": 178,
  "malloc": 432,
  "dlmalloc": 39468,
  "sbrk": 283,
  "calloc": 1286,
  "memset": 12598372,
  "memcpy": 4108466140,
  "free": 398,
  "dlfree": 41598,
  "__wasm_call_ctors": 1,
  "__original_main": 38,
  "fopen": 32,
  "memchr": 35141,
  "__fmodeflags": 71,
  "strchr": 84,
  "__strchrnul": 432,
  "__wasilibc_open_nomode": 40,
  "__wasilibc_find_relpath": 138,
  "strlen": 93975,
  "__wasilibc_openat_nomode": 150,
  "__fdopen": 124,
  "__isatty": 44,
  "__ofl_add": 23,
  "__ofl_lock": 4,
  "__ofl_unlock": 1,
  "sodium_init": 74,
  "_sodium_runtime_get_cpu_features": 2,
  "randombytes_init_if_needed": 68,
  "randombytes_sysrandom_stir": 2,
  "randombytes_stir": 12,
  "_sodium_alloc_init": 28,
  "sysconf": 76,
  "randombytes_buf": 65,
  "randombytes_sysrandom_buf": 15,
  "arc4random_buf": 473,
  "__getentropy": 16,
  "chacha20_rng": 156,
  "chacha20_update": 46314,
  "_crypto_pwhash_argon2_pick_best_implementation": 2,
  "blake2b_pick_best_implementation": 2,
  "_crypto_generichash_blake2b_pick_best_implementation": 2,
  "_crypto_onetimeauth_poly1305_pick_best_implementation": 2,
  "_crypto_scalarmult_curve25519_pick_best_implementation": 2,
  "_crypto_stream_chacha20_pick_best_implementation": 2,
  "_crypto_stream_salsa20_pick_best_implementation": 2,
  "sodium_malloc": 2496,
  "posix_memalign": 2303,
  "internal_memalign": 10302,
  "dispose_chunk": 8007,
  "xmain": 2707,
  "sodium_hex2bin": 380160,
  "crypto_pwhash_alg_argon2i13": 30,
  "crypto_pwhash": 410,
  "crypto_pwhash_argon2i": 1215,
  "argon2i_hash_raw": 112,
  "argon2_hash": 2420,
  "argon2_ctx": 3910,
  "argon2_validate_inputs": 7150,
  "argon2_initialize": 208268,
  "crypto_generichash_blake2b_init": 3780,
  "blake2b_init": 8460,
  "crypto_generichash_blake2b_update": 1950,
  "blake2b_update": 43310,
  "crypto_generichash_blake2b_final": 1620,
  "blake2b_final": 320824,
  "blake2b_compress_ref": 12674160,
  "sodium_memzero": 9966,
  "explicit_bzero": 20004,
  "blake2b_long": 198296,
  "crypto_generichash_blake2b": 53028,
  "blake2b": 257775,
  "argon2_fill_memory_blocks": 20655,
  "argon2_fill_segment_ref": 2979625578,
  "fill_block_with_xor": 7327639552,
  "argon2_finalize": 17061,
  "argon2_free_instance": 853,
  "sodium_bin2hex": 136721,
  "fprintf": 240,
  "vfprintf": 1762,
  "printf_core": 16574,
  "__towrite": 56,
  "__fwritex": 2460,
  "pop_arg": 340,
  "strnlen": 128,
  "__stdio_write": 258,
  "writev": 141,
  "crypto_pwhash_alg_argon2id13": 2,
  "crypto_pwhash_str_verify": 256,
  "strncmp": 48507,
  "crypto_pwhash_argon2i_str_verify": 539,
  "argon2i_verify": 108,
  "argon2_verify": 2930,
  "argon2_decode_string": 32928,
  "sodium_base642bin": 473538,
  "sodium_memcmp": 14184,
  "sodium_free": 19872,
  "crypto_pwhash_argon2i_str": 345,
  "argon2i_hash_encoded": 42,
  "argon2_encode_string": 3027,
  "sodium_bin2base64": 50612,
  "strcmp": 1084,
  "crypto_pwhash_argon2i_str_needs_rehash": 78,
  "_needs_rehash": 3520,
  "crypto_pwhash_str_needs_rehash": 40,
  "sodium_is_zero": 1900,
  "crypto_pwhash_str_alg": 46,
  "crypto_pwhash_argon2id_str_needs_rehash": 54,
  "crypto_pwhash_argon2id_str": 80,
  "argon2id_hash_encoded": 14,
  "crypto_pwhash_argon2id_str_verify": 24,
  "argon2id_verify": 6,
  "crypto_pwhash_argon2i_bytes_min": 6,
  "crypto_pwhash_argon2i_bytes_max": 4,
  "crypto_pwhash_argon2i_passwd_max": 4,
  "crypto_pwhash_argon2i_passwd_min": 4,
  "crypto_pwhash_argon2i_saltbytes": 4,
  "crypto_pwhash_argon2i_strbytes": 6,
  "crypto_pwhash_argon2i_strprefix": 2,
  "crypto_pwhash_argon2i_opslimit_min": 4,
  "crypto_pwhash_argon2i_opslimit_max": 4,
  "crypto_pwhash_argon2i_memlimit_min": 4,
  "crypto_pwhash_argon2i_memlimit_max": 4,
  "crypto_pwhash_argon2i_opslimit_interactive": 4,
  "crypto_pwhash_argon2i_memlimit_interactive": 4,
  "crypto_pwhash_argon2i_opslimit_moderate": 4,
  "crypto_pwhash_argon2i_memlimit_moderate": 4,
  "crypto_pwhash_argon2i_opslimit_sensitive": 4,
  "crypto_pwhash_argon2i_memlimit_sensitive": 4,
  "crypto_pwhash_argon2i_alg_argon2i13": 2,
  "fwrite": 80,
  "_start": 10,
  "dummy": 1,
  "__stdio_exit": 102,
  "__prepare_for_exit": 1
}
