{
  "__wasilibc_populate_preopens": 178,
  "malloc": 6,
  "dlmalloc": 2291,
  "sbrk": 86,
  "calloc": 58,
  "memset": 5187116,
  "memcpy": 14236261,
  "free": 4,
  "dlfree": 243,
  "__wasm_call_ctors": 1,
  "__original_main": 38,
  "fopen": 32,
  "memchr": 240,
  "__fmodeflags": 71,
  "strchr": 84,
  "__strchrnul": 432,
  "__wasilibc_open_nomode": 40,
  "__wasilibc_find_relpath": 138,
  "strlen": 262,
  "__wasilibc_openat_nomode": 150,
  "__fdopen": 124,
  "__isatty": 44,
  "__ofl_add": 23,
  "__ofl_lock": 4,
  "__ofl_unlock": 1,
  "sodium_init": 74,
  "_sodium_runtime_get_cpu_features": 2,
  "randombytes_init_if_needed": 2097324,
  "randombytes_sysrandom_stir": 2,
  "randombytes_stir": 24,
  "_sodium_alloc_init": 28,
  "sysconf": 76,
  "randombytes_buf": 26,
  "randombytes_sysrandom_buf": 9,
  "arc4random_buf": 6013086,
  "__getentropy": 80,
  "chacha20_rng": 99996,
  "chacha20_update": 29687274,
  "_crypto_pwhash_argon2_pick_best_implementation": 2,
  "blake2b_pick_best_implementation": 2,
  "_crypto_generichash_blake2b_pick_best_implementation": 2,
  "_crypto_onetimeauth_poly1305_pick_best_implementation": 2,
  "_crypto_scalarmult_curve25519_pick_best_implementation": 2,
  "_crypto_stream_chacha20_pick_best_implementation": 2,
  "_crypto_stream_salsa20_pick_best_implementation": 2,
  "sodium_malloc": 208,
  "posix_memalign": 68,
  "internal_memalign": 310,
  "dispose_chunk": 313,
  "xmain": 9597872,
  "randombytes": 66,
  "randombytes_implementation_name": 16,
  "randombytes_sysrandom_implementation_name": 2,
  "strcmp": 654,
  "randombytes_random": 24,
  "arc4random": 1638450,
  "randombytes_sysrandom": 131076,
  "randombytes_close": 153,
  "randombytes_sysrandom_close": 6,
  "randombytes_uniform": 6684802,
  "randombytes_set_implementation": 18,
  "randombytes_internal_implementation_name": 2,
  "randombytes_internal_random_stir": 251,
  "gettimeofday": 183,
  "sodium_runtime_has_rdrand": 2,
  "randombytes_internal_random": 2738016,
  "crypto_stream_chacha20": 10450,
  "stream_ref": 52250,
  "chacha20_encrypt_bytes": 27636207,
  "sodium_memzero": 1668,
  "explicit_bzero": 3342,
  "randombytes_internal_random_buf": 167,
  "crypto_stream_chacha20_xor": 42,
  "stream_ref_xor_ic": 214,
  "randombytes_buf_deterministic": 9,
  "crypto_stream_chacha20_ietf": 19,
  "stream_ietf_ext_ref": 105,
  "fprintf": 2400,
  "vfprintf": 17602,
  "printf_core": 140740,
  "__towrite": 56,
  "__fwritex": 18300,
  "pop_arg": 3400,
  "fwrite": 160,
  "randombytes_internal_random_close": 60,
  "randombytes_seedbytes": 2,
  "randombytes_uniform_impl": 10,
  "sodium_free": 1656,
  "_start": 10,
  "dummy": 1,
  "__stdio_exit": 102,
  "__stdio_write": 86,
  "writev": 47,
  "__prepare_for_exit": 1
}
