{
  "__wasilibc_populate_preopens": 178,
  "malloc": 6,
  "dlmalloc": 4064,
  "sbrk": 203,
  "calloc": 58,
  "memset": 395488,
  "memcpy": 15970,
  "free": 10,
  "dlfree": 875,
  "__wasm_call_ctors": 1,
  "__original_main": 38,
  "fopen": 32,
  "memchr": 240,
  "__fmodeflags": 71,
  "strchr": 84,
  "__strchrnul": 432,
  "__wasilibc_open_nomode": 40,
  "__wasilibc_find_relpath": 138,
  "strlen": 262,
  "__wasilibc_openat_nomode": 150,
  "__fdopen": 124,
  "__isatty": 44,
  "__ofl_add": 23,
  "__ofl_lock": 4,
  "__ofl_unlock": 1,
  "sodium_init": 74,
  "_sodium_runtime_get_cpu_features": 2,
  "randombytes_init_if_needed": 36,
  "randombytes_sysrandom_stir": 2,
  "randombytes_stir": 12,
  "_sodium_alloc_init": 28,
  "sysconf": 76,
  "randombytes_buf": 13,
  "randombytes_sysrandom_buf": 3,
  "arc4random_buf": 109,
  "__getentropy": 16,
  "chacha20_rng": 156,
  "chacha20_update": 46314,
  "_crypto_pwhash_argon2_pick_best_implementation": 2,
  "blake2b_pick_best_implementation": 2,
  "_crypto_generichash_blake2b_pick_best_implementation": 2,
  "_crypto_onetimeauth_poly1305_pick_best_implementation": 2,
  "_crypto_scalarmult_curve25519_pick_best_implementation": 2,
  "_crypto_stream_chacha20_pick_best_implementation": 2,
  "_crypto_stream_salsa20_pick_best_implementation": 2,
  "sodium_malloc": 832,
  "posix_memalign": 272,
  "internal_memalign": 1240,
  "dispose_chunk": 1504,
  "xmain": 1919,
  "crypto_scalarmult": 5,
  "crypto_scalarmult_curve25519": 1009,
  "crypto_scalarmult_curve25519_ref10": 518332,
  "fe25519_frombytes": 661,
  "fe25519_mul": 1769625,
  "fe25519_sq": 1184820,
  "fe25519_invert": 3714,
  "fe25519_tobytes": 728,
  "sodium_free": 6624,
  "explicit_bzero": 24,
  "fputc": 1361,
  "__overflow": 70,
  "__towrite": 56,
  "fprintf": 768,
  "vfprintf": 5632,
  "printf_core": 55144,
  "__fwritex": 7740,
  "pop_arg": 1088,
  "_start": 10,
  "dummy": 1,
  "__stdio_exit": 102,
  "__stdio_write": 86,
  "writev": 47,
  "__prepare_for_exit": 1
}
