{
  "__wasilibc_populate_preopens": 178,
  "malloc": 6,
  "dlmalloc": 2291,
  "sbrk": 86,
  "calloc": 58,
  "memset": 120007,
  "memcpy": 108212,
  "free": 4,
  "dlfree": 243,
  "__wasm_call_ctors": 1,
  "__original_main": 38,
  "fopen": 32,
  "memchr": 20080,
  "__fmodeflags": 71,
  "strchr": 84,
  "__strchrnul": 432,
  "__wasilibc_open_nomode": 40,
  "__wasilibc_find_relpath": 138,
  "strlen": 262,
  "__wasilibc_openat_nomode": 150,
  "__fdopen": 124,
  "__isatty": 44,
  "__ofl_add": 23,
  "__ofl_lock": 4,
  "__ofl_unlock": 1,
  "sodium_init": 74,
  "_sodium_runtime_get_cpu_features": 2,
  "randombytes_init_if_needed": 732,
  "randombytes_sysrandom_stir": 2,
  "randombytes_stir": 12,
  "_sodium_alloc_init": 28,
  "sysconf": 76,
  "randombytes_buf": 1144,
  "randombytes_sysrandom_buf": 264,
  "arc4random_buf": 8471,
  "__getentropy": 16,
  "chacha20_rng": 936,
  "chacha20_update": 277884,
  "_crypto_pwhash_argon2_pick_best_implementation": 2,
  "blake2b_pick_best_implementation": 2,
  "_crypto_generichash_blake2b_pick_best_implementation": 2,
  "_crypto_onetimeauth_poly1305_pick_best_implementation": 2,
  "_crypto_scalarmult_curve25519_pick_best_implementation": 2,
  "_crypto_stream_chacha20_pick_best_implementation": 2,
  "_crypto_stream_salsa20_pick_best_implementation": 2,
  "sodium_malloc": 208,
  "posix_memalign": 68,
  "internal_memalign": 310,
  "dispose_chunk": 313,
  "xmain": 12194,
  "sodium_hex2bin": 2188746,
  "crypto_scalarmult": 435,
  "crypto_scalarmult_curve25519": 60511,
  "crypto_scalarmult_curve25519_ref10": 30701708,
  "fe25519_frombytes": 38999,
  "fe25519_mul": 104407875,
  "fe25519_sq": 69904380,
  "fe25519_invert": 219126,
  "fe25519_tobytes": 42952,
  "strcmp": 29789,
  "memcmp": 64664,
  "fprintf": 1536,
  "vfprintf": 11266,
  "printf_core": 189596,
  "__towrite": 56,
  "__fwritex": 34500,
  "pop_arg": 4352,
  "strnlen": 1024,
  "__stdio_write": 258,
  "writev": 141,
  "fwrite": 80,
  "sodium_free": 1656,
  "explicit_bzero": 6,
  "_start": 10,
  "dummy": 1,
  "__stdio_exit": 102,
  "__prepare_for_exit": 1
}
