{
  "__wasilibc_populate_preopens": 178,
  "malloc": 6,
  "dlmalloc": 4064,
  "sbrk": 203,
  "calloc": 58,
  "memset": 396044,
  "memcpy": 4452,
  "free": 10,
  "dlfree": 1519,
  "__wasm_call_ctors": 1,
  "__original_main": 38,
  "fopen": 32,
  "memchr": 4475,
  "__fmodeflags": 71,
  "strchr": 84,
  "__strchrnul": 432,
  "__wasilibc_open_nomode": 40,
  "__wasilibc_find_relpath": 138,
  "strlen": 246,
  "__wasilibc_openat_nomode": 150,
  "__fdopen": 124,
  "__isatty": 44,
  "__ofl_add": 23,
  "__ofl_lock": 4,
  "__ofl_unlock": 1,
  "sodium_init": 74,
  "_sodium_runtime_get_cpu_features": 2,
  "randombytes_init_if_needed": 36,
  "randombytes_sysrandom_stir": 2,
  "randombytes_stir": 12,
  "_sodium_alloc_init": 28,
  "sysconf": 76,
  "randombytes_buf": 13,
  "randombytes_sysrandom_buf": 3,
  "arc4random_buf": 109,
  "__getentropy": 16,
  "chacha20_rng": 156,
  "chacha20_update": 46314,
  "_crypto_pwhash_argon2_pick_best_implementation": 2,
  "blake2b_pick_best_implementation": 2,
  "_crypto_generichash_blake2b_pick_best_implementation": 2,
  "_crypto_onetimeauth_poly1305_pick_best_implementation": 2,
  "_crypto_scalarmult_curve25519_pick_best_implementation": 2,
  "_crypto_stream_chacha20_pick_best_implementation": 2,
  "_crypto_stream_salsa20_pick_best_implementation": 2,
  "sodium_malloc": 832,
  "posix_memalign": 272,
  "internal_memalign": 1240,
  "dispose_chunk": 1504,
  "xmain": 217,
  "crypto_scalarmult_base": 8,
  "crypto_scalarmult_curve25519_base": 16,
  "crypto_scalarmult_curve25519_ref10_base": 2564,
  "ge25519_scalarmult_base": 20262,
  "ge25519_cmov8_base": 792960,
  "ge25519_madd": 149888,
  "fe25519_mul": 6609625,
  "ge25519_p2_dbl": 7408,
  "fe25519_sq": 4049220,
  "fe25519_sq2": 7760,
  "fe25519_invert": 18570,
  "fe25519_tobytes": 3640,
  "sodium_bin2hex": 14755,
  "fprintf": 120,
  "vfprintf": 882,
  "printf_core": 5390,
  "__towrite": 56,
  "__fwritex": 1200,
  "pop_arg": 170,
  "strnlen": 80,
  "crypto_scalarmult": 20,
  "crypto_scalarmult_curve25519": 3062,
  "crypto_scalarmult_curve25519_ref10": 1559286,
  "fe25519_frombytes": 1983,
  "sodium_free": 6624,
  "explicit_bzero": 24,
  "crypto_scalarmult_bytes": 6,
  "crypto_scalarmult_scalarbytes": 6,
  "crypto_scalarmult_primitive": 2,
  "strcmp": 381,
  "crypto_scalarmult_curve25519_bytes": 2,
  "crypto_scalarmult_curve25519_scalarbytes": 2,
  "_start": 10,
  "dummy": 1,
  "__stdio_exit": 102,
  "__stdio_write": 86,
  "writev": 47,
  "__prepare_for_exit": 1
}
