{
  "__wasilibc_populate_preopens": 178,
  "malloc": 6,
  "dlmalloc": 4655,
  "sbrk": 242,
  "calloc": 58,
  "memset": 501186,
  "memcpy": 572,
  "free": 12,
  "dlfree": 1070,
  "__wasm_call_ctors": 1,
  "__original_main": 38,
  "fopen": 32,
  "memchr": 240,
  "__fmodeflags": 71,
  "strchr": 84,
  "__strchrnul": 432,
  "__wasilibc_open_nomode": 40,
  "__wasilibc_find_relpath": 138,
  "strlen": 308,
  "__wasilibc_openat_nomode": 150,
  "__fdopen": 124,
  "__isatty": 44,
  "__ofl_add": 23,
  "__ofl_lock": 4,
  "__ofl_unlock": 1,
  "sodium_init": 74,
  "_sodium_runtime_get_cpu_features": 2,
  "randombytes_init_if_needed": 44,
  "randombytes_sysrandom_stir": 2,
  "randombytes_stir": 12,
  "_sodium_alloc_init": 28,
  "sysconf": 76,
  "randombytes_buf": 26,
  "randombytes_sysrandom_buf": 6,
  "arc4random_buf": 200,
  "__getentropy": 16,
  "chacha20_rng": 156,
  "chacha20_update": 46314,
  "_crypto_pwhash_argon2_pick_best_implementation": 2,
  "blake2b_pick_best_implementation": 2,
  "_crypto_generichash_blake2b_pick_best_implementation": 2,
  "_crypto_onetimeauth_poly1305_pick_best_implementation": 2,
  "_crypto_scalarmult_curve25519_pick_best_implementation": 2,
  "_crypto_stream_chacha20_pick_best_implementation": 2,
  "_crypto_stream_salsa20_pick_best_implementation": 2,
  "sodium_malloc": 1040,
  "posix_memalign": 340,
  "internal_memalign": 1550,
  "dispose_chunk": 1910,
  "xmain": 409,
  "crypto_scalarmult_ed25519_base": 20,
  "_crypto_scalarmult_ed25519_base": 6462,
  "ge25519_scalarmult_base": 50655,
  "ge25519_cmov8_base": 1982400,
  "ge25519_madd": 374720,
  "fe25519_mul": 35594625,
  "ge25519_p2_dbl": 4268860,
  "fe25519_sq": 18303330,
  "fe25519_sq2": 4471700,
  "ge25519_p3_tobytes": 1106,
  "fe25519_invert": 51996,
  "fe25519_tobytes": 46592,
  "sodium_is_zero": 36880,
  "crypto_scalarmult_ed25519": 54,
  "_crypto_scalarmult_ed25519": 11999,
  "ge25519_is_canonical": 13305,
  "ge25519_has_small_order": 55614,
  "ge25519_frombytes": 11457,
  "fe25519_frombytes": 5949,
  "fe25519_pow22523": 33120,
  "ge25519_is_on_main_subgroup": 718407,
  "ge25519_p3_to_cached": 80064,
  "ge25519_add": 876690,
  "ge25519_sub": 123768,
  "ge25519_scalarmult": 4257657,
  "memcmp": 2250,
  "crypto_scalarmult_ed25519_noclamp": 36,
  "crypto_scalarmult_ed25519_base_noclamp": 5,
  "sodium_free": 8280,
  "explicit_bzero": 30,
  "crypto_scalarmult_ed25519_bytes": 2,
  "crypto_scalarmult_ed25519_scalarbytes": 2,
  "fwrite": 86,
  "__towrite": 56,
  "_start": 10,
  "dummy": 1,
  "__stdio_exit": 102,
  "__stdio_write": 86,
  "writev": 47,
  "__prepare_for_exit": 1
}
