{
  "__wasilibc_populate_preopens": 178,
  "malloc": 6,
  "dlmalloc": 5246,
  "sbrk": 281,
  "calloc": 58,
  "memset": 602427,
  "memcpy": 15171,
  "free": 14,
  "dlfree": 1265,
  "__wasm_call_ctors": 1,
  "__original_main": 38,
  "fopen": 32,
  "memchr": 15120,
  "__fmodeflags": 71,
  "strchr": 84,
  "__strchrnul": 432,
  "__wasilibc_open_nomode": 40,
  "__wasilibc_find_relpath": 138,
  "strlen": 355,
  "__wasilibc_openat_nomode": 150,
  "__fdopen": 124,
  "__isatty": 44,
  "__ofl_add": 23,
  "__ofl_lock": 4,
  "__ofl_unlock": 1,
  "sodium_init": 74,
  "_sodium_runtime_get_cpu_features": 2,
  "randombytes_init_if_needed": 36,
  "randombytes_sysrandom_stir": 2,
  "randombytes_stir": 12,
  "_sodium_alloc_init": 28,
  "sysconf": 76,
  "randombytes_buf": 13,
  "randombytes_sysrandom_buf": 3,
  "arc4random_buf": 109,
  "__getentropy": 16,
  "chacha20_rng": 156,
  "chacha20_update": 46314,
  "_crypto_pwhash_argon2_pick_best_implementation": 2,
  "blake2b_pick_best_implementation": 2,
  "_crypto_generichash_blake2b_pick_best_implementation": 2,
  "_crypto_onetimeauth_poly1305_pick_best_implementation": 2,
  "_crypto_scalarmult_curve25519_pick_best_implementation": 2,
  "_crypto_stream_chacha20_pick_best_implementation": 2,
  "_crypto_stream_salsa20_pick_best_implementation": 2,
  "sodium_malloc": 1248,
  "posix_memalign": 408,
  "internal_memalign": 1860,
  "dispose_chunk": 2316,
  "xmain": 974,
  "sodium_hex2bin": 8386,
  "crypto_scalarmult_ristretto255_base": 15024,
  "ge25519_scalarmult_base": 162096,
  "ge25519_cmov8_base": 6343680,
  "ge25519_madd": 1199104,
  "fe25519_mul": 41096000,
  "ge25519_p2_dbl": 3852160,
  "fe25519_sq": 23019360,
  "fe25519_sq2": 4035200,
  "ristretto255_p3_tobytes": 61888,
  "ristretto255_sqrt_ratio_m1": 50544,
  "fe25519_pow22523": 176640,
  "fe25519_tobytes": 267904,
  "sodium_is_zero": 177024,
  "crypto_scalarmult_ristretto255": 15288,
  "ristretto255_frombytes": 31557,
  "fe25519_frombytes": 10576,
  "ge25519_scalarmult": 7569168,
  "ge25519_p3_to_cached": 71168,
  "ge25519_add": 1228512,
  "fprintf": 408,
  "vfprintf": 2994,
  "printf_core": 20735,
  "__towrite": 56,
  "__fwritex": 4170,
  "pop_arg": 578,
  "sodium_bin2hex": 47216,
  "strnlen": 256,
  "memcmp": 17536,
  "sodium_increment": 16960,
  "__stdio_write": 172,
  "writev": 94,
  "sodium_free": 9936,
  "explicit_bzero": 36,
  "crypto_scalarmult_ristretto255_bytes": 2,
  "crypto_scalarmult_ristretto255_scalarbytes": 2,
  "fwrite": 80,
  "_start": 10,
  "dummy": 1,
  "__stdio_exit": 102,
  "__prepare_for_exit": 1
}
