{
  "__wasilibc_populate_preopens": 178,
  "malloc": 6,
  "dlmalloc": 2291,
  "sbrk": 86,
  "calloc": 58,
  "memset": 4520419,
  "memcpy": 3702044,
  "free": 4,
  "dlfree": 243,
  "__wasm_call_ctors": 1,
  "__original_main": 38,
  "fopen": 32,
  "memchr": 240,
  "__fmodeflags": 71,
  "strchr": 84,
  "__strchrnul": 432,
  "__wasilibc_open_nomode": 40,
  "__wasilibc_find_relpath": 138,
  "strlen": 246,
  "__wasilibc_openat_nomode": 150,
  "__fdopen": 124,
  "__isatty": 44,
  "__ofl_add": 23,
  "__ofl_lock": 4,
  "__ofl_unlock": 1,
  "sodium_init": 74,
  "_sodium_runtime_get_cpu_features": 2,
  "randombytes_init_if_needed": 24036,
  "randombytes_sysrandom_stir": 2,
  "randombytes_stir": 12,
  "_sodium_alloc_init": 28,
  "sysconf": 76,
  "randombytes_buf": 39008,
  "randombytes_sysrandom_buf": 9000,
  "arc4random_buf": 355194,
  "__getentropy": 16,
  "chacha20_rng": 169260,
  "chacha20_update": 50250690,
  "_crypto_pwhash_argon2_pick_best_implementation": 2,
  "blake2b_pick_best_implementation": 2,
  "_crypto_generichash_blake2b_pick_best_implementation": 2,
  "_crypto_onetimeauth_poly1305_pick_best_implementation": 2,
  "_crypto_scalarmult_curve25519_pick_best_implementation": 2,
  "_crypto_stream_chacha20_pick_best_implementation": 2,
  "_crypto_stream_salsa20_pick_best_implementation": 2,
  "sodium_malloc": 208,
  "posix_memalign": 68,
  "internal_memalign": 310,
  "dispose_chunk": 313,
  "xmain": 17057005,
  "crypto_secretbox_keygen": 3000,
  "crypto_secretbox": 7000,
  "crypto_secretbox_xsalsa20poly1305": 49000,
  "crypto_stream_xsalsa20_xor": 70000,
  "crypto_core_hsalsa20": 13506000,
  "crypto_stream_salsa20_xor_ic": 24000,
  "stream_ref_xor_ic": 47272720,
  "crypto_core_salsa20": 130088,
  "crypto_core_salsa": 87103208,
  "sodium_memzero": 33000,
  "explicit_bzero": 66006,
  "crypto_onetimeauth_poly1305": 10000,
  "crypto_onetimeauth_poly1305_donna": 153000,
  "poly1305_update": 681448,
  "poly1305_finish": 854838,
  "crypto_secretbox_open": 7000,
  "crypto_secretbox_xsalsa20poly1305_open": 84000,
  "crypto_stream_xsalsa20": 33000,
  "crypto_stream_salsa20": 10000,
  "stream_ref": 1010000,
  "crypto_onetimeauth_poly1305_verify": 10000,
  "crypto_onetimeauth_poly1305_donna_verify": 173000,
  "crypto_verify_16": 868000,
  "poly1305_blocks": 26766782,
  "sodium_free": 1656,
  "_start": 10,
  "dummy": 1,
  "__stdio_exit": 96,
  "__prepare_for_exit": 1
}
