{
  "__wasilibc_populate_preopens": 178,
  "malloc": 6,
  "dlmalloc": 5837,
  "sbrk": 320,
  "calloc": 58,
  "memset": 6799063,
  "memcpy": 35936,
  "free": 16,
  "dlfree": 3413,
  "__wasm_call_ctors": 1,
  "__original_main": 38,
  "fopen": 32,
  "memchr": 240,
  "__fmodeflags": 71,
  "strchr": 84,
  "__strchrnul": 432,
  "__wasilibc_open_nomode": 40,
  "__wasilibc_find_relpath": 138,
  "strlen": 293,
  "__wasilibc_openat_nomode": 150,
  "__fdopen": 124,
  "__isatty": 44,
  "__ofl_add": 23,
  "__ofl_lock": 4,
  "__ofl_unlock": 1,
  "sodium_init": 74,
  "_sodium_runtime_get_cpu_features": 2,
  "randombytes_init_if_needed": 76,
  "randombytes_sysrandom_stir": 2,
  "randombytes_stir": 12,
  "_sodium_alloc_init": 28,
  "sysconf": 76,
  "randombytes_buf": 52,
  "randombytes_sysrandom_buf": 12,
  "arc4random_buf": 792,
  "__getentropy": 16,
  "chacha20_rng": 1716,
  "chacha20_update": 509454,
  "_crypto_pwhash_argon2_pick_best_implementation": 2,
  "blake2b_pick_best_implementation": 2,
  "_crypto_generichash_blake2b_pick_best_implementation": 2,
  "_crypto_onetimeauth_poly1305_pick_best_implementation": 2,
  "_crypto_scalarmult_curve25519_pick_best_implementation": 2,
  "_crypto_stream_chacha20_pick_best_implementation": 2,
  "_crypto_stream_salsa20_pick_best_implementation": 2,
  "sodium_malloc": 1456,
  "posix_memalign": 476,
  "internal_memalign": 2170,
  "dispose_chunk": 2722,
  "xmain": 118112,
  "randombytes_uniform": 51,
  "arc4random": 25,
  "randombytes_sysrandom": 2,
  "crypto_secretbox_keygen": 3,
  "crypto_secretbox_easy": 46,
  "crypto_secretbox_detached": 637,
  "crypto_core_hsalsa20": 23027730,
  "crypto_stream_salsa20_xor": 72,
  "stream_ref_xor_ic": 1371174,
  "crypto_core_salsa20": 39186,
  "crypto_core_salsa": 26237826,
  "sodium_memzero": 61449,
  "explicit_bzero": 122940,
  "crypto_onetimeauth_poly1305_init": 24,
  "crypto_onetimeauth_poly1305_donna_init": 552,
  "crypto_stream_salsa20_xor_ic": 72,
  "crypto_onetimeauth_poly1305_update": 27,
  "crypto_onetimeauth_poly1305_donna_update": 15,
  "poly1305_update": 1748724,
  "poly1305_blocks": 340117596,
  "crypto_onetimeauth_poly1305_final": 24,
  "crypto_onetimeauth_poly1305_donna_final": 12,
  "poly1305_finish": 2186335,
  "crypto_secretbox_open_easy": 133068,
  "crypto_secretbox_open_detached": 271292,
  "crypto_stream_salsa20": 51120,
  "stream_ref": 5163120,
  "crypto_onetimeauth_poly1305_verify": 51120,
  "crypto_onetimeauth_poly1305_donna_verify": 884376,
  "crypto_verify_16": 4437216,
  "memcmp": 521200,
  "fprintf": 120,
  "vfprintf": 882,
  "printf_core": 5935,
  "__towrite": 56,
  "__fwritex": 1500,
  "pop_arg": 170,
  "memmove": 76872,
  "sodium_free": 11592,
  "_start": 10,
  "dummy": 1,
  "__stdio_exit": 102,
  "__stdio_write": 86,
  "writev": 47,
  "__prepare_for_exit": 1
}
