{
  "__wasilibc_populate_preopens": 178,
  "malloc": 6,
  "dlmalloc": 2291,
  "sbrk": 86,
  "calloc": 58,
  "memset": 101566,
  "memcpy": 59005,
  "free": 4,
  "dlfree": 243,
  "__wasm_call_ctors": 1,
  "__original_main": 38,
  "fopen": 32,
  "memchr": 240,
  "__fmodeflags": 71,
  "strchr": 84,
  "__strchrnul": 432,
  "__wasilibc_open_nomode": 40,
  "__wasilibc_find_relpath": 138,
  "strlen": 246,
  "__wasilibc_openat_nomode": 150,
  "__fdopen": 124,
  "__isatty": 44,
  "__ofl_add": 23,
  "__ofl_lock": 4,
  "__ofl_unlock": 1,
  "sodium_init": 74,
  "_sodium_runtime_get_cpu_features": 2,
  "randombytes_init_if_needed": 36,
  "randombytes_sysrandom_stir": 2,
  "randombytes_stir": 12,
  "_sodium_alloc_init": 28,
  "sysconf": 76,
  "randombytes_buf": 13,
  "randombytes_sysrandom_buf": 3,
  "arc4random_buf": 109,
  "__getentropy": 16,
  "chacha20_rng": 156,
  "chacha20_update": 46314,
  "_crypto_pwhash_argon2_pick_best_implementation": 2,
  "blake2b_pick_best_implementation": 2,
  "_crypto_generichash_blake2b_pick_best_implementation": 2,
  "_crypto_onetimeauth_poly1305_pick_best_implementation": 2,
  "_crypto_scalarmult_curve25519_pick_best_implementation": 2,
  "_crypto_stream_chacha20_pick_best_implementation": 2,
  "_crypto_stream_salsa20_pick_best_implementation": 2,
  "sodium_malloc": 208,
  "posix_memalign": 68,
  "internal_memalign": 310,
  "dispose_chunk": 313,
  "xmain": 6147,
  "crypto_secretbox_open": 35,
  "crypto_secretbox_xsalsa20poly1305_open": 188,
  "crypto_stream_xsalsa20": 33,
  "crypto_core_hsalsa20": 9004,
  "crypto_stream_salsa20": 10,
  "stream_ref": 1010,
  "crypto_core_salsa20": 28,
  "crypto_core_salsa": 18748,
  "sodium_memzero": 21,
  "explicit_bzero": 48,
  "crypto_onetimeauth_poly1305_verify": 10,
  "crypto_onetimeauth_poly1305_donna_verify": 173,
  "poly1305_update": 172,
  "poly1305_blocks": 4025,
  "poly1305_finish": 431,
  "crypto_verify_16": 868,
  "crypto_stream_xsalsa20_xor": 35,
  "crypto_stream_salsa20_xor_ic": 12,
  "stream_ref_xor_ic": 7259,
  "fprintf": 3144,
  "vfprintf": 23058,
  "printf_core": 233907,
  "__towrite": 56,
  "__fwritex": 31980,
  "pop_arg": 4454,
  "fputc": 646,
  "sodium_free": 1656,
  "_start": 10,
  "dummy": 1,
  "__stdio_exit": 102,
  "__stdio_write": 86,
  "writev": 47,
  "__prepare_for_exit": 1
}
