{
  "__wasilibc_populate_preopens": 178,
  "malloc": 6,
  "dlmalloc": 11156,
  "sbrk": 671,
  "calloc": 58,
  "memset": 1666588,
  "memcpy": 23473,
  "free": 34,
  "dlfree": 6748,
  "__wasm_call_ctors": 1,
  "__original_main": 38,
  "fopen": 32,
  "memchr": 240,
  "__fmodeflags": 71,
  "strchr": 84,
  "__strchrnul": 322,
  "__wasilibc_open_nomode": 40,
  "__wasilibc_find_relpath": 138,
  "strlen": 242,
  "__wasilibc_openat_nomode": 150,
  "__fdopen": 124,
  "__isatty": 44,
  "__ofl_add": 23,
  "__ofl_lock": 4,
  "__ofl_unlock": 1,
  "sodium_init": 74,
  "_sodium_runtime_get_cpu_features": 2,
  "randombytes_init_if_needed": 196,
  "randombytes_sysrandom_stir": 2,
  "randombytes_stir": 12,
  "_sodium_alloc_init": 28,
  "sysconf": 76,
  "randombytes_buf": 143,
  "randombytes_sysrandom_buf": 33,
  "arc4random_buf": 1682,
  "__getentropy": 16,
  "chacha20_rng": 624,
  "chacha20_update": 185256,
  "_crypto_pwhash_argon2_pick_best_implementation": 2,
  "blake2b_pick_best_implementation": 2,
  "_crypto_generichash_blake2b_pick_best_implementation": 2,
  "_crypto_onetimeauth_poly1305_pick_best_implementation": 2,
  "_crypto_scalarmult_curve25519_pick_best_implementation": 2,
  "_crypto_stream_chacha20_pick_best_implementation": 2,
  "_crypto_stream_salsa20_pick_best_implementation": 2,
  "sodium_malloc": 3328,
  "posix_memalign": 1088,
  "internal_memalign": 4960,
  "dispose_chunk": 6376,
  "xmain": 1155,
  "crypto_secretstream_xchacha20poly1305_statebytes": 4,
  "randombytes_uniform": 255,
  "arc4random": 125,
  "randombytes_sysrandom": 10,
  "crypto_secretstream_xchacha20poly1305_keygen": 3,
  "crypto_secretstream_xchacha20poly1305_init_push": 170,
  "crypto_core_hchacha20": 47820,
  "crypto_secretstream_xchacha20poly1305_push": 6573,
  "crypto_stream_chacha20_ietf": 551,
  "stream_ietf_ext_ref": 3045,
  "chacha20_encrypt_bytes": 1612958,
  "sodium_memzero": 546,
  "explicit_bzero": 1188,
  "crypto_onetimeauth_poly1305_init": 232,
  "crypto_onetimeauth_poly1305_donna_init": 5336,
  "crypto_onetimeauth_poly1305_update": 1827,
  "crypto_onetimeauth_poly1305_donna_update": 1015,
  "poly1305_update": 44137,
  "crypto_stream_chacha20_ietf_xor_ic": 2014,
  "stream_ietf_ext_ref_xor_ic": 6039,
  "poly1305_blocks": 498176,
  "crypto_onetimeauth_poly1305_final": 232,
  "crypto_onetimeauth_poly1305_donna_final": 116,
  "poly1305_finish": 12452,
  "sodium_increment": 3264,
  "sodium_is_zero": 2870,
  "crypto_stream_chacha20_ietf_xor": 168,
  "crypto_secretstream_xchacha20poly1305_init_pull": 160,
  "crypto_secretstream_xchacha20poly1305_pull": 7495,
  "sodium_memcmp": 12928,
  "memcmp": 98489,
  "crypto_secretstream_xchacha20poly1305_rekey": 240,
  "sodium_free": 26496,
  "crypto_secretstream_xchacha20poly1305_abytes": 2,
  "crypto_secretstream_xchacha20poly1305_headerbytes": 2,
  "crypto_secretstream_xchacha20poly1305_keybytes": 2,
  "crypto_secretstream_xchacha20poly1305_messagebytes_max": 2,
  "crypto_secretstream_xchacha20poly1305_tag_message": 2,
  "crypto_secretstream_xchacha20poly1305_tag_push": 2,
  "crypto_secretstream_xchacha20poly1305_tag_rekey": 2,
  "crypto_secretstream_xchacha20poly1305_tag_final": 2,
  "fwrite": 86,
  "__towrite": 56,
  "_start": 10,
  "dummy": 1,
  "__stdio_exit": 102,
  "__stdio_write": 86,
  "writev": 47,
  "__prepare_for_exit": 1
}
