{
  "__wasilibc_populate_preopens": 178,
  "malloc": 6,
  "dlmalloc": 2291,
  "sbrk": 86,
  "calloc": 58,
  "memset": 15856534,
  "memcpy": 7057509,
  "free": 4,
  "dlfree": 243,
  "__wasm_call_ctors": 1,
  "__original_main": 38,
  "fopen": 32,
  "memchr": 240,
  "__fmodeflags": 71,
  "strchr": 84,
  "__strchrnul": 432,
  "__wasilibc_open_nomode": 40,
  "__wasilibc_find_relpath": 138,
  "strlen": 246,
  "__wasilibc_openat_nomode": 150,
  "__fdopen": 124,
  "__isatty": 44,
  "__ofl_add": 23,
  "__ofl_lock": 4,
  "__ofl_unlock": 1,
  "sodium_init": 74,
  "_sodium_runtime_get_cpu_features": 2,
  "randombytes_init_if_needed": 24036,
  "randombytes_sysrandom_stir": 2,
  "randombytes_stir": 12,
  "_sodium_alloc_init": 28,
  "sysconf": 76,
  "randombytes_buf": 39008,
  "randombytes_sysrandom_buf": 9000,
  "arc4random_buf": 2201167,
  "__getentropy": 16,
  "chacha20_rng": 193908,
  "chacha20_update": 57568302,
  "_crypto_pwhash_argon2_pick_best_implementation": 2,
  "blake2b_pick_best_implementation": 2,
  "_crypto_generichash_blake2b_pick_best_implementation": 2,
  "_crypto_onetimeauth_poly1305_pick_best_implementation": 2,
  "_crypto_scalarmult_curve25519_pick_best_implementation": 2,
  "_crypto_stream_chacha20_pick_best_implementation": 2,
  "_crypto_stream_salsa20_pick_best_implementation": 2,
  "sodium_malloc": 208,
  "posix_memalign": 68,
  "internal_memalign": 310,
  "dispose_chunk": 313,
  "xmain": 1190701,
  "crypto_secretbox_keygen": 3000,
  "crypto_secretbox": 7000,
  "crypto_secretbox_xsalsa20poly1305": 49000,
  "crypto_stream_xsalsa20_xor": 37660,
  "crypto_core_hsalsa20": 50206304,
  "crypto_stream_salsa20_xor_ic": 12912,
  "stream_ref_xor_ic": 24685879,
  "crypto_core_salsa20": 134897,
  "crypto_core_salsa": 90323177,
  "sodium_memzero": 133596,
  "explicit_bzero": 267198,
  "crypto_onetimeauth_poly1305": 10000,
  "crypto_onetimeauth_poly1305_donna": 153000,
  "poly1305_update": 3774060,
  "poly1305_finish": 4734127,
  "arc4random": 503800,
  "crypto_secretbox_open": 70532,
  "crypto_secretbox_xsalsa20poly1305_open": 506384,
  "crypto_stream_xsalsa20": 332508,
  "crypto_stream_salsa20": 100760,
  "stream_ref": 10176760,
  "crypto_onetimeauth_poly1305_verify": 100760,
  "crypto_onetimeauth_poly1305_donna_verify": 1743148,
  "crypto_verify_16": 8745968,
  "poly1305_blocks": 147799512,
  "sodium_free": 1656,
  "_start": 10,
  "dummy": 1,
  "__stdio_exit": 96,
  "__prepare_for_exit": 1
}
