{
  "__wasilibc_populate_preopens": 178,
  "malloc": 6,
  "dlmalloc": 3473,
  "sbrk": 164,
  "calloc": 58,
  "memset": 322793,
  "memcpy": 372555,
  "free": 8,
  "dlfree": 680,
  "__wasm_call_ctors": 1,
  "__original_main": 38,
  "fopen": 32,
  "memchr": 240,
  "__fmodeflags": 71,
  "strchr": 84,
  "__strchrnul": 432,
  "__wasilibc_open_nomode": 40,
  "__wasilibc_find_relpath": 138,
  "strlen": 277,
  "__wasilibc_openat_nomode": 150,
  "__fdopen": 124,
  "__isatty": 44,
  "__ofl_add": 23,
  "__ofl_lock": 4,
  "__ofl_unlock": 1,
  "sodium_init": 74,
  "_sodium_runtime_get_cpu_features": 2,
  "randombytes_init_if_needed": 52,
  "randombytes_sysrandom_stir": 2,
  "randombytes_stir": 12,
  "_sodium_alloc_init": 28,
  "sysconf": 76,
  "randombytes_buf": 13,
  "randombytes_sysrandom_buf": 3,
  "arc4random_buf": 200,
  "__getentropy": 16,
  "chacha20_rng": 156,
  "chacha20_update": 46314,
  "_crypto_pwhash_argon2_pick_best_implementation": 2,
  "blake2b_pick_best_implementation": 2,
  "_crypto_generichash_blake2b_pick_best_implementation": 2,
  "_crypto_onetimeauth_poly1305_pick_best_implementation": 2,
  "_crypto_scalarmult_curve25519_pick_best_implementation": 2,
  "_crypto_stream_chacha20_pick_best_implementation": 2,
  "_crypto_stream_salsa20_pick_best_implementation": 2,
  "sodium_malloc": 624,
  "posix_memalign": 204,
  "internal_memalign": 930,
  "dispose_chunk": 1098,
  "xmain": 29701,
  "crypto_secretbox_easy": 184,
  "crypto_secretbox_detached": 1800,
  "crypto_core_hsalsa20": 49522,
  "crypto_stream_salsa20_xor": 120,
  "stream_ref_xor_ic": 45115,
  "crypto_core_salsa20": 154,
  "crypto_core_salsa": 103114,
  "sodium_memzero": 222,
  "explicit_bzero": 462,
  "crypto_onetimeauth_poly1305_init": 72,
  "crypto_onetimeauth_poly1305_donna_init": 1656,
  "crypto_stream_salsa20_xor_ic": 60,
  "crypto_onetimeauth_poly1305_update": 81,
  "crypto_onetimeauth_poly1305_donna_update": 45,
  "poly1305_update": 1806,
  "poly1305_blocks": 21259,
  "crypto_onetimeauth_poly1305_final": 72,
  "crypto_onetimeauth_poly1305_donna_final": 36,
  "poly1305_finish": 4553,
  "fprintf": 19704,
  "vfprintf": 144498,
  "printf_core": 1465671,
  "__towrite": 56,
  "__fwritex": 198840,
  "pop_arg": 27914,
  "fputc": 342,
  "__stdio_write": 430,
  "writev": 235,
  "memmove": 7863,
  "crypto_secretbox_open_easy": 52,
  "crypto_secretbox_open_detached": 186,
  "crypto_stream_salsa20": 20,
  "stream_ref": 2020,
  "crypto_onetimeauth_poly1305_verify": 20,
  "crypto_onetimeauth_poly1305_donna_verify": 346,
  "crypto_verify_16": 1736,
  "randombytes_uniform": 51,
  "arc4random": 25,
  "randombytes_sysrandom": 2,
  "sodium_free": 4968,
  "_start": 10,
  "dummy": 1,
  "__stdio_exit": 102,
  "__prepare_for_exit": 1
}
