{
  "__wasilibc_populate_preopens": 178,
  "malloc": 6,
  "dlmalloc": 2291,
  "sbrk": 86,
  "calloc": 58,
  "memset": 11612239,
  "memcpy": 6598984,
  "free": 2,
  "dlfree": 8,
  "__wasm_call_ctors": 1,
  "__original_main": 29,
  "fopen": 32,
  "memchr": 5788,
  "__fmodeflags": 71,
  "strchr": 84,
  "__strchrnul": 322,
  "__wasilibc_open_nomode": 40,
  "__wasilibc_find_relpath": 138,
  "strlen": 180,
  "__wasilibc_openat_nomode": 150,
  "__fdopen": 124,
  "__isatty": 44,
  "__ofl_add": 23,
  "__ofl_lock": 4,
  "__ofl_unlock": 1,
  "sodium_init": 74,
  "_sodium_runtime_get_cpu_features": 2,
  "randombytes_init_if_needed": 8268,
  "randombytes_sysrandom_stir": 2,
  "randombytes_stir": 12,
  "_sodium_alloc_init": 28,
  "sysconf": 76,
  "randombytes_buf": 13390,
  "randombytes_sysrandom_buf": 3090,
  "arc4random_buf": 99444,
  "__getentropy": 16,
  "chacha20_rng": 10140,
  "chacha20_update": 3010410,
  "_crypto_pwhash_argon2_pick_best_implementation": 2,
  "blake2b_pick_best_implementation": 2,
  "_crypto_generichash_blake2b_pick_best_implementation": 2,
  "_crypto_onetimeauth_poly1305_pick_best_implementation": 2,
  "_crypto_scalarmult_curve25519_pick_best_implementation": 2,
  "_crypto_stream_chacha20_pick_best_implementation": 2,
  "_crypto_stream_salsa20_pick_best_implementation": 2,
  "sodium_malloc": 208,
  "posix_memalign": 68,
  "internal_memalign": 310,
  "dispose_chunk": 313,
  "xmain": 202242,
  "crypto_sign": 7175,
  "crypto_sign_ed25519": 63550,
  "memmove": 54635,
  "_crypto_sign_ed25519_detached": 347486,
  "crypto_hash_sha512_init": 186120,
  "crypto_hash_sha512": 115472,
  "crypto_hash_sha512_update": 24413547,
  "crypto_hash_sha512_final": 3656611,
  "SHA512_Transform": 215667620,
  "sodium_memzero": 36675,
  "explicit_bzero": 73350,
  "sc25519_reduce": 5918747,
  "ge25519_scalarmult_base": 10445061,
  "ge25519_cmov8_base": 408770880,
  "ge25519_madd": 77424178,
  "fe25519_mul": 686310625,
  "ge25519_p2_dbl": 5450436,
  "fe25519_sq": 263752650,
  "fe25519_sq2": 5709420,
  "ge25519_p3_tobytes": 81449,
  "fe25519_invert": 3855132,
  "fe25519_tobytes": 1527344,
  "sc25519_muladd": 5186260,
  "memcmp": 66746,
  "fprintf": 24696,
  "vfprintf": 181106,
  "printf_core": 2759641,
  "__towrite": 56,
  "__fwritex": 307950,
  "pop_arg": 34986,
  "__stdio_write": 2236,
  "writev": 1222,
  "crypto_sign_open": 7,
  "crypto_sign_ed25519_open": 57,
  "_crypto_sign_ed25519_verify_detached": 1500,
  "sc25519_is_canonical": 41515,
  "ge25519_has_small_order": 94116,
  "ge25519_is_canonical": 8870,
  "ge25519_frombytes_negate_vartime": 7250,
  "fe25519_frombytes": 5949,
  "fe25519_pow22523": 33120,
  "sodium_is_zero": 13830,
  "_crypto_sign_ed25519_ref10_hinit": 87,
  "ge25519_double_scalarmult_vartime": 326472,
  "slide_vartime": 476914,
  "ge25519_p3_to_cached": 31136,
  "ge25519_add": 234930,
  "ge25519_sub": 155856,
  "ge25519_tobytes": 553,
  "crypto_verify_32": 11900,
  "sodium_memcmp": 11032,
  "crypto_sign_verify_detached": 78,
  "crypto_sign_ed25519_verify_detached": 91,
  "crypto_sign_detached": 7,
  "crypto_sign_ed25519_detached": 10,
  "sodium_hex2bin": 41930,
  "crypto_sign_seed_keypair": 10,
  "crypto_sign_ed25519_seed_keypair": 330,
  "crypto_sign_init": 15,
  "crypto_sign_ed25519ph_init": 25,
  "crypto_sign_update": 35,
  "crypto_sign_ed25519ph_update": 35,
  "crypto_sign_final_create": 12,
  "crypto_sign_ed25519ph_final_create": 54,
  "sodium_bin2hex": 20540,
  "strnlen": 64,
  "crypto_sign_final_verify": 25,
  "crypto_sign_ed25519ph_final_verify": 130,
  "crypto_sign_keypair": 4,
  "crypto_sign_ed25519_keypair": 167,
  "crypto_sign_ed25519_sk_to_seed": 56,
  "crypto_sign_ed25519_sk_to_pk": 60,
  "crypto_sign_bytes": 4,
  "crypto_sign_seedbytes": 4,
  "crypto_sign_publickeybytes": 4,
  "crypto_sign_secretkeybytes": 4,
  "crypto_sign_messagebytes_max": 4,
  "crypto_sign_primitive": 2,
  "strcmp": 273,
  "crypto_sign_ed25519_bytes": 2,
  "crypto_sign_ed25519_seedbytes": 2,
  "crypto_sign_ed25519_messagebytes_max": 2,
  "crypto_sign_ed25519_publickeybytes": 2,
  "crypto_sign_ed25519_secretkeybytes": 2,
  "crypto_sign_statebytes": 2,
  "crypto_sign_ed25519ph_statebytes": 2,
  "dummy": 1,
  "__stdio_exit": 102,
  "exit": 1,
  "_Exit": 2
}
