{
  "__wasilibc_populate_preopens": 178,
  "malloc": 6,
  "dlmalloc": 2895220,
  "sbrk": 203,
  "calloc": 58,
  "memset": 2819072316,
  "memcpy": 981044,
  "free": 20012,
  "dlfree": 1950983,
  "__wasm_call_ctors": 1,
  "__original_main": 29,
  "fopen": 32,
  "memchr": 240,
  "__fmodeflags": 71,
  "strchr": 84,
  "__strchrnul": 386,
  "__wasilibc_open_nomode": 40,
  "__wasilibc_find_relpath": 138,
  "strlen": 261,
  "__wasilibc_openat_nomode": 150,
  "__fdopen": 124,
  "__isatty": 44,
  "__ofl_add": 23,
  "__ofl_lock": 4,
  "__ofl_unlock": 1,
  "sodium_init": 74,
  "_sodium_runtime_get_cpu_features": 2,
  "randombytes_init_if_needed": 160052,
  "randombytes_sysrandom_stir": 2,
  "randombytes_stir": 12,
  "_sodium_alloc_init": 28,
  "sysconf": 76,
  "randombytes_buf": 13,
  "randombytes_sysrandom_buf": 3,
  "arc4random_buf": 911214,
  "__getentropy": 16,
  "chacha20_rng": 12324,
  "chacha20_update": 3658806,
  "_crypto_pwhash_argon2_pick_best_implementation": 2,
  "blake2b_pick_best_implementation": 2,
  "_crypto_generichash_blake2b_pick_best_implementation": 2,
  "_crypto_onetimeauth_poly1305_pick_best_implementation": 2,
  "_crypto_scalarmult_curve25519_pick_best_implementation": 2,
  "_crypto_stream_chacha20_pick_best_implementation": 2,
  "_crypto_stream_salsa20_pick_best_implementation": 2,
  "sodium_malloc": 2081705,
  "posix_memalign": 680544,
  "internal_memalign": 3102480,
  "dispose_chunk": 4063128,
  "xmain": 340054,
  "sodium_allocarray": 96,
  "sodium_free": 16568301,
  "explicit_bzero": 60030,
  "randombytes_uniform": 510051,
  "arc4random": 250025,
  "randombytes_sysrandom": 20002,
  "sodium_mprotect_noaccess": 60000,
  "fwrite": 246,
  "__towrite": 56,
  "sodium_mprotect_readonly": 6,
  "sodium_mprotect_readwrite": 6,
  "segv_handler": 17,
  "dummy": 1,
  "__stdio_exit": 102,
  "__stdio_write": 86,
  "writev": 47,
  "exit": 1,
  "_Exit": 2
}
