{
  "__wasilibc_populate_preopens": 178,
  "malloc": 6,
  "dlmalloc": 2882,
  "sbrk": 125,
  "calloc": 58,
  "memset": 63505,
  "memcpy": 783,
  "free": 2,
  "dlfree": 8,
  "__wasm_call_ctors": 1,
  "__original_main": 31,
  "fopen": 32,
  "memchr": 240,
  "__fmodeflags": 71,
  "strchr": 84,
  "__strchrnul": 386,
  "__wasilibc_open_nomode": 40,
  "__wasilibc_find_relpath": 138,
  "strlen": 261,
  "__wasilibc_openat_nomode": 150,
  "__fdopen": 124,
  "__isatty": 44,
  "__ofl_add": 23,
  "__ofl_lock": 4,
  "__ofl_unlock": 1,
  "sodium_init": 74,
  "_sodium_runtime_get_cpu_features": 2,
  "randombytes_init_if_needed": 52,
  "randombytes_sysrandom_stir": 2,
  "randombytes_stir": 12,
  "_sodium_alloc_init": 28,
  "sysconf": 76,
  "randombytes_buf": 13,
  "randombytes_sysrandom_buf": 3,
  "arc4random_buf": 200,
  "__getentropy": 16,
  "chacha20_rng": 156,
  "chacha20_update": 46314,
  "_crypto_pwhash_argon2_pick_best_implementation": 2,
  "blake2b_pick_best_implementation": 2,
  "_crypto_generichash_blake2b_pick_best_implementation": 2,
  "_crypto_onetimeauth_poly1305_pick_best_implementation": 2,
  "_crypto_scalarmult_curve25519_pick_best_implementation": 2,
  "_crypto_stream_chacha20_pick_best_implementation": 2,
  "_crypto_stream_salsa20_pick_best_implementation": 2,
  "sodium_malloc": 416,
  "posix_memalign": 136,
  "internal_memalign": 620,
  "dispose_chunk": 692,
  "xmain": 18,
  "randombytes_uniform": 51,
  "arc4random": 25,
  "randombytes_sysrandom": 2,
  "sodium_mprotect_noaccess": 6,
  "sodium_mprotect_readwrite": 6,
  "segv_handler": 17,
  "fwrite": 166,
  "__towrite": 56,
  "dummy": 1,
  "__stdio_exit": 102,
  "__stdio_write": 86,
  "writev": 47,
  "exit": 1,
  "_Exit": 2
}
