{
  "__wasilibc_populate_preopens": 178,
  "malloc": 6,
  "dlmalloc": 3473,
  "sbrk": 164,
  "calloc": 58,
  "memset": 12980193,
  "memcpy": 93020,
  "free": 8,
  "dlfree": 680,
  "__wasm_call_ctors": 1,
  "__original_main": 38,
  "fopen": 32,
  "memchr": 507270,
  "__fmodeflags": 71,
  "strchr": 84,
  "__strchrnul": 432,
  "__wasilibc_open_nomode": 40,
  "__wasilibc_find_relpath": 138,
  "strlen": 215,
  "__wasilibc_openat_nomode": 150,
  "__fdopen": 124,
  "__isatty": 44,
  "__ofl_add": 23,
  "__ofl_lock": 4,
  "__ofl_unlock": 1,
  "sodium_init": 74,
  "_sodium_runtime_get_cpu_features": 2,
  "randombytes_init_if_needed": 44,
  "randombytes_sysrandom_stir": 2,
  "randombytes_stir": 12,
  "_sodium_alloc_init": 28,
  "sysconf": 76,
  "randombytes_buf": 26,
  "randombytes_sysrandom_buf": 6,
  "arc4random_buf": 205069,
  "__getentropy": 16,
  "chacha20_rng": 1278108,
  "chacha20_update": 379450602,
  "_crypto_pwhash_argon2_pick_best_implementation": 2,
  "blake2b_pick_best_implementation": 2,
  "_crypto_generichash_blake2b_pick_best_implementation": 2,
  "_crypto_onetimeauth_poly1305_pick_best_implementation": 2,
  "_crypto_scalarmult_curve25519_pick_best_implementation": 2,
  "_crypto_stream_chacha20_pick_best_implementation": 2,
  "_crypto_stream_salsa20_pick_best_implementation": 2,
  "sodium_malloc": 624,
  "posix_memalign": 204,
  "internal_memalign": 930,
  "dispose_chunk": 1098,
  "xmain": 95022,
  "crypto_stream": 390,
  "crypto_stream_xsalsa20": 2145,
  "crypto_core_hsalsa20": 378168,
  "crypto_stream_salsa20": 650,
  "stream_ref": 9566470,
  "crypto_core_salsa20": 462000,
  "crypto_core_salsa": 309342000,
  "sodium_memzero": 768,
  "explicit_bzero": 1554,
  "crypto_hash_sha256": 144,
  "crypto_hash_sha256_update": 3150546,
  "SHA256_Transform": 1609850868,
  "crypto_hash_sha256_final": 1136,
  "sodium_bin2hex": 1983397,
  "fprintf": 1992,
  "vfprintf": 14610,
  "printf_core": 89474,
  "__towrite": 56,
  "__fwritex": 19200,
  "pop_arg": 2822,
  "strnlen": 1328,
  "crypto_stream_xsalsa20_xor_ic": 665,
  "crypto_stream_salsa20_xor_ic": 228,
  "stream_ref_xor_ic": 1139486,
  "__stdio_write": 2150,
  "writev": 1175,
  "sodium_free": 4968,
  "crypto_stream_keybytes": 4,
  "crypto_stream_noncebytes": 4,
  "crypto_stream_messagebytes_max": 4,
  "crypto_stream_primitive": 2,
  "strcmp": 309,
  "crypto_stream_xsalsa20_keybytes": 2,
  "crypto_stream_xsalsa20_noncebytes": 2,
  "crypto_stream_xsalsa20_messagebytes_max": 2,
  "_start": 10,
  "dummy": 1,
  "__stdio_exit": 102,
  "__prepare_for_exit": 1
}
