{
  "__wasilibc_populate_preopens": 178,
  "malloc": 6,
  "dlmalloc": 3473,
  "sbrk": 164,
  "calloc": 58,
  "memset": 12884444,
  "memcpy": 2852,
  "free": 8,
  "dlfree": 680,
  "__wasm_call_ctors": 1,
  "__original_main": 38,
  "fopen": 32,
  "memchr": 2100,
  "__fmodeflags": 71,
  "strchr": 84,
  "__strchrnul": 432,
  "__wasilibc_open_nomode": 40,
  "__wasilibc_find_relpath": 138,
  "strlen": 231,
  "__wasilibc_openat_nomode": 150,
  "__fdopen": 124,
  "__isatty": 44,
  "__ofl_add": 23,
  "__ofl_lock": 4,
  "__ofl_unlock": 1,
  "sodium_init": 74,
  "_sodium_runtime_get_cpu_features": 2,
  "randombytes_init_if_needed": 36,
  "randombytes_sysrandom_stir": 2,
  "randombytes_stir": 12,
  "_sodium_alloc_init": 28,
  "sysconf": 76,
  "randombytes_buf": 13,
  "randombytes_sysrandom_buf": 3,
  "arc4random_buf": 109,
  "__getentropy": 16,
  "chacha20_rng": 156,
  "chacha20_update": 46314,
  "_crypto_pwhash_argon2_pick_best_implementation": 2,
  "blake2b_pick_best_implementation": 2,
  "_crypto_generichash_blake2b_pick_best_implementation": 2,
  "_crypto_onetimeauth_poly1305_pick_best_implementation": 2,
  "_crypto_scalarmult_curve25519_pick_best_implementation": 2,
  "_crypto_stream_chacha20_pick_best_implementation": 2,
  "_crypto_stream_salsa20_pick_best_implementation": 2,
  "sodium_malloc": 624,
  "posix_memalign": 204,
  "internal_memalign": 930,
  "dispose_chunk": 1098,
  "xmain": 88123,
  "crypto_stream_salsa20": 10,
  "stream_ref": 9502818,
  "crypto_core_salsa20": 459634,
  "crypto_core_salsa": 307757794,
  "sodium_memzero": 36,
  "explicit_bzero": 90,
  "crypto_hash_sha256": 144,
  "crypto_hash_sha256_update": 3150546,
  "SHA256_Transform": 1609850868,
  "crypto_hash_sha256_final": 1136,
  "sodium_bin2hex": 5902,
  "fprintf": 48,
  "vfprintf": 354,
  "printf_core": 2156,
  "__towrite": 56,
  "__fwritex": 480,
  "pop_arg": 68,
  "strnlen": 32,
  "crypto_stream_salsa20_xor_ic": 24,
  "stream_ref_xor_ic": 355318,
  "sodium_free": 4968,
  "crypto_stream_salsa20_keybytes": 2,
  "crypto_stream_salsa20_noncebytes": 2,
  "crypto_stream_salsa20_messagebytes_max": 2,
  "_start": 10,
  "dummy": 1,
  "__stdio_exit": 102,
  "__stdio_write": 86,
  "writev": 47,
  "__prepare_for_exit": 1
}
