{
  "__wasilibc_populate_preopens": 178,
  "malloc": 6,
  "dlmalloc": 5837,
  "sbrk": 320,
  "calloc": 58,
  "memset": 20160575,
  "memcpy": 27405499,
  "free": 16,
  "dlfree": 3413,
  "__wasm_call_ctors": 1,
  "__original_main": 38,
  "fopen": 32,
  "memchr": 240,
  "__fmodeflags": 71,
  "strchr": 84,
  "__strchrnul": 432,
  "__wasilibc_open_nomode": 40,
  "__wasilibc_find_relpath": 138,
  "strlen": 231,
  "__wasilibc_openat_nomode": 150,
  "__fdopen": 124,
  "__isatty": 44,
  "__ofl_add": 23,
  "__ofl_lock": 4,
  "__ofl_unlock": 1,
  "sodium_init": 74,
  "_sodium_runtime_get_cpu_features": 2,
  "randombytes_init_if_needed": 1840036,
  "randombytes_sysrandom_stir": 2,
  "randombytes_stir": 12,
  "_sodium_alloc_init": 28,
  "sysconf": 76,
  "randombytes_buf": 390013,
  "randombytes_sysrandom_buf": 90003,
  "arc4random_buf": 21073783,
  "__getentropy": 16,
  "chacha20_rng": 585156,
  "chacha20_update": 173723814,
  "_crypto_pwhash_argon2_pick_best_implementation": 2,
  "blake2b_pick_best_implementation": 2,
  "_crypto_generichash_blake2b_pick_best_implementation": 2,
  "_crypto_onetimeauth_poly1305_pick_best_implementation": 2,
  "_crypto_scalarmult_curve25519_pick_best_implementation": 2,
  "_crypto_stream_chacha20_pick_best_implementation": 2,
  "_crypto_stream_salsa20_pick_best_implementation": 2,
  "sodium_malloc": 1456,
  "posix_memalign": 476,
  "internal_memalign": 2170,
  "dispose_chunk": 2722,
  "xmain": 18348170,
  "crypto_verify_16": 95153632,
  "crypto_verify_32": 186360800,
  "crypto_verify_64": 368775136,
  "sodium_memcmp": 602493504,
  "fwrite": 166,
  "__towrite": 56,
  "randombytes_random": 1600000,
  "arc4random": 5000000,
  "randombytes_sysrandom": 400000,
  "crypto_verify_16_bytes": 2,
  "crypto_verify_32_bytes": 2,
  "crypto_verify_64_bytes": 2,
  "sodium_free": 11592,
  "explicit_bzero": 42,
  "_start": 10,
  "dummy": 1,
  "__stdio_exit": 102,
  "__stdio_write": 86,
  "writev": 47,
  "__prepare_for_exit": 1
}
