{
  "__wasilibc_populate_preopens": 178,
  "malloc": 6,
  "dlmalloc": 39965,
  "sbrk": 398,
  "calloc": 58,
  "memset": 12500970,
  "memcpy": 94693,
  "free": 248,
  "dlfree": 28097,
  "__wasm_call_ctors": 1,
  "__original_main": 38,
  "fopen": 32,
  "memchr": 4770,
  "__fmodeflags": 71,
  "strchr": 84,
  "__strchrnul": 386,
  "__wasilibc_open_nomode": 40,
  "__wasilibc_find_relpath": 138,
  "strlen": 76447,
  "__wasilibc_openat_nomode": 150,
  "__fdopen": 124,
  "__isatty": 44,
  "__ofl_add": 23,
  "__ofl_lock": 4,
  "__ofl_unlock": 1,
  "sodium_init": 74,
  "_sodium_runtime_get_cpu_features": 2,
  "randombytes_init_if_needed": 604,
  "randombytes_sysrandom_stir": 2,
  "randombytes_stir": 12,
  "_sodium_alloc_init": 28,
  "sysconf": 76,
  "randombytes_buf": 437,
  "randombytes_sysrandom_buf": 99,
  "arc4random_buf": 4928,
  "__getentropy": 16,
  "chacha20_rng": 468,
  "chacha20_update": 138942,
  "_crypto_pwhash_argon2_pick_best_implementation": 2,
  "blake2b_pick_best_implementation": 2,
  "_crypto_generichash_blake2b_pick_best_implementation": 2,
  "_crypto_onetimeauth_poly1305_pick_best_implementation": 2,
  "_crypto_scalarmult_curve25519_pick_best_implementation": 2,
  "_crypto_stream_chacha20_pick_best_implementation": 2,
  "_crypto_stream_salsa20_pick_best_implementation": 2,
  "sodium_malloc": 25584,
  "posix_memalign": 8364,
  "internal_memalign": 38130,
  "dispose_chunk": 49737,
  "xmain": 8209,
  "sodium_hex2bin": 976626,
  "crypto_core_hchacha20": 1482440,
  "memcmp": 147390,
  "sodium_free": 203688,
  "explicit_bzero": 6516,
  "crypto_core_hchacha20_outputbytes": 2,
  "crypto_core_hchacha20_inputbytes": 2,
  "crypto_core_hchacha20_keybytes": 2,
  "crypto_core_hchacha20_constbytes": 2,
  "fwrite": 326,
  "__towrite": 56,
  "crypto_stream_xchacha20": 341,
  "crypto_stream_chacha20": 1919,
  "stream_ref": 9522,
  "chacha20_encrypt_bytes": 2673552,
  "sodium_memzero": 2889,
  "crypto_stream_xchacha20_xor": 726,
  "crypto_stream_chacha20_xor_ic": 2772,
  "stream_ref_xor_ic": 30004,
  "sodium_is_zero": 54826,
  "crypto_stream_xchacha20_xor_ic": 858,
  "sodium_bin2hex": 23413,
  "fprintf": 24,
  "vfprintf": 176,
  "printf_core": 1078,
  "__fwritex": 240,
  "pop_arg": 34,
  "strnlen": 16,
  "crypto_stream_xchacha20_keygen": 3,
  "crypto_stream_xchacha20_keybytes": 2,
  "crypto_stream_xchacha20_noncebytes": 2,
  "crypto_stream_xchacha20_messagebytes_max": 2,
  "crypto_secretbox_xchacha20poly1305_easy": 460,
  "crypto_secretbox_xchacha20poly1305_detached": 17512,
  "crypto_stream_chacha20_xor": 3150,
  "crypto_onetimeauth_poly1305_init": 720,
  "crypto_onetimeauth_poly1305_donna_init": 16560,
  "crypto_onetimeauth_poly1305_update": 810,
  "crypto_onetimeauth_poly1305_donna_update": 450,
  "poly1305_update": 47150,
  "crypto_onetimeauth_poly1305_final": 720,
  "crypto_onetimeauth_poly1305_donna_final": 360,
  "poly1305_finish": 74690,
  "randombytes_uniform": 969,
  "arc4random": 475,
  "randombytes_sysrandom": 38,
  "crypto_secretbox_xchacha20poly1305_open_easy": 1300,
  "crypto_secretbox_xchacha20poly1305_open_detached": 11372,
  "crypto_onetimeauth_poly1305_verify": 900,
  "crypto_onetimeauth_poly1305_donna_verify": 15570,
  "crypto_verify_16": 78120,
  "poly1305_blocks": 276493,
  "memmove": 5710,
  "crypto_secretbox_xchacha20poly1305_keybytes": 2,
  "crypto_secretbox_xchacha20poly1305_noncebytes": 2,
  "crypto_secretbox_xchacha20poly1305_macbytes": 2,
  "crypto_secretbox_xchacha20poly1305_messagebytes_max": 2,
  "crypto_box_curve25519xchacha20poly1305_keypair": 60,
  "crypto_scalarmult_curve25519_base": 88,
  "crypto_scalarmult_curve25519_ref10_base": 14102,
  "ge25519_scalarmult_base": 111441,
  "ge25519_cmov8_base": 4361280,
  "ge25519_madd": 824384,
  "fe25519_mul": 113331625,
  "ge25519_p2_dbl": 40744,
  "fe25519_sq": 73810380,
  "fe25519_sq2": 42680,
  "fe25519_invert": 263694,
  "fe25519_tobytes": 51688,
  "crypto_box_curve25519xchacha20poly1305_easy": 1220,
  "crypto_scalarmult_curve25519": 61940,
  "crypto_scalarmult_curve25519_ref10": 31271520,
  "fe25519_frombytes": 39660,
  "crypto_box_curve25519xchacha20poly1305_open_easy": 1580,
  "crypto_box_curve25519xchacha20poly1305_beforenm": 530,
  "crypto_box_curve25519xchacha20poly1305_easy_afternm": 420,
  "crypto_box_curve25519xchacha20poly1305_open_easy_afternm": 520,
  "crypto_box_curve25519xchacha20poly1305_detached": 820,
  "crypto_box_curve25519xchacha20poly1305_open_detached": 820,
  "crypto_box_curve25519xchacha20poly1305_detached_afternm": 80,
  "crypto_box_curve25519xchacha20poly1305_open_detached_afternm": 80,
  "crypto_box_curve25519xchacha20poly1305_seed_keypair": 70,
  "crypto_hash_sha512": 112,
  "crypto_hash_sha512_update": 1131,
  "crypto_hash_sha512_final": 1177,
  "SHA512_Transform": 16030,
  "crypto_box_curve25519xchacha20poly1305_seedbytes": 2,
  "crypto_box_curve25519xchacha20poly1305_publickeybytes": 2,
  "crypto_box_curve25519xchacha20poly1305_secretkeybytes": 2,
  "crypto_box_curve25519xchacha20poly1305_beforenmbytes": 2,
  "crypto_box_curve25519xchacha20poly1305_noncebytes": 2,
  "crypto_box_curve25519xchacha20poly1305_macbytes": 2,
  "crypto_box_curve25519xchacha20poly1305_messagebytes_max": 2,
  "_start": 10,
  "dummy": 1,
  "__stdio_exit": 102,
  "__stdio_write": 86,
  "writev": 47,
  "__prepare_for_exit": 1
}
