2020-02-28 11:12:53 INFO  tool - class strac.align.align.implementations.DTW class strac.align.align.event_distance.DInst class strac.align.align.implementations.FastDTW class strac.align.align.implementations.WindowedDTW
2020-02-28 11:12:53 INFO  tool - Registering aligner... class strac.align.align.implementations.WindowedDTW
2020-02-28 11:12:53 INFO  tool - Registering aligner... class strac.align.align.implementations.FastDTW
2020-02-28 11:12:53 INFO  tool - Registering aligner... class strac.align.align.implementations.DTW
2020-02-28 11:12:54 INFO  tool - Registering distance... class strac.align.align.event_distance.DInst
2020-02-28 11:12:54 INFO  tool - Registering distance... class strac.align.align.event_distance.DInst
2020-02-28 11:12:55 INFO  tool - Distance function not provided. We set a default one based on dto comparison data
2020-02-28 11:12:55 INFO  tool - Parsing traces
2020-02-28 11:12:55 INFO  tool - Processing [14]mt2[0_1_2_3_4_5_6_7_8].wasm.mem.strac.log
2020-02-28 11:12:55 INFO  tool - Taking class strac.core.stream_providers.CommandStdInputProvider instance as provider
2020-02-28 11:12:55 INFO  tool - New trace added size:  0
2020-02-28 11:12:55 INFO  tool - Global bag info: total sentences 0 different sentences 0
2020-02-28 11:12:55 INFO  tool - Processing [14]mt2[0_1_2_3_4_5_6_7_11].wasm.mem.strac.log
2020-02-28 11:12:55 INFO  tool - Taking class strac.core.stream_providers.CommandStdInputProvider instance as provider
2020-02-28 11:12:55 INFO  tool - New trace added size:  0
2020-02-28 11:12:55 INFO  tool - Global bag info: total sentences 0 different sentences 0
2020-02-28 11:12:55 INFO  tool - Initializing aligner. Parameter types strac.align.interpreter.AlignInterpreter$1@47af099e class java.lang.Double
2020-02-28 11:12:55 INFO  tool - Constructor types interface strac.align.align.ICellComparer,class java.lang.Double
2020-02-28 11:12:55 INFO  tool - No specific pairs, two vs two tournament
2020-02-28 11:12:55 INFO  tool - Going to thread pool for pairwise comparison
2020-02-28 11:12:55 INFO  tool - Starting... 0 0
2020-02-28 11:12:55 INFO  tool - Exploring complete space...
2020-02-28 11:12:55 INFO  tool - Disposing map files
