18:C 03 Feb 14:06:51.912 # oO0OoO0OoO0Oo Redis is starting oO0OoO0OoO0Oo
18:C 03 Feb 14:06:51.914 # Redis version=4.0.9, bits=64, commit=00000000, modified=0, pid=18, just started
18:C 03 Feb 14:06:51.915 # Warning: no config file specified, using the default config. In order to specify a config file use redis-server /path/to/redis.conf
18:M 03 Feb 14:06:51.920 * Running mode=standalone, port=6379.
18:M 03 Feb 14:06:51.922 # WARNING: The TCP backlog setting of 511 cannot be enforced because /proc/sys/net/core/somaxconn is set to the lower value of 128.
18:M 03 Feb 14:06:51.923 # Server initialized
18:M 03 Feb 14:06:51.924 # WARNING you have Transparent Huge Pages (THP) support enabled in your kernel. This will create latency and memory usage issues with Redis. To fix this issue run the command 'echo never > /sys/kernel/mm/transparent_hugepage/enabled' as root, and add it to your /etc/rc.local in order to retain the setting after a reboot. Redis must be restarted after THP is disabled.
18:M 03 Feb 14:06:51.925 * Ready to accept connections
18:signal-handler (1580738814) Received SIGINT scheduling shutdown...
18:M 03 Feb 14:06:54.144 # User requested shutdown...
18:M 03 Feb 14:06:54.145 * Saving the final RDB snapshot before exiting.
18:M 03 Feb 14:06:54.151 * DB saved on disk
18:M 03 Feb 14:06:54.154 # Redis is now ready to exit, bye bye...
44:C 03 Feb 14:06:58.175 # oO0OoO0OoO0Oo Redis is starting oO0OoO0OoO0Oo
44:C 03 Feb 14:06:58.178 # Redis version=4.0.9, bits=64, commit=00000000, modified=0, pid=44, just started
44:C 03 Feb 14:06:58.179 # Warning: no config file specified, using the default config. In order to specify a config file use redis-server /path/to/redis.conf
44:M 03 Feb 14:06:58.182 * Running mode=standalone, port=6379.
44:M 03 Feb 14:06:58.183 # WARNING: The TCP backlog setting of 511 cannot be enforced because /proc/sys/net/core/somaxconn is set to the lower value of 128.
44:M 03 Feb 14:06:58.184 # Server initialized
44:M 03 Feb 14:06:58.185 # WARNING you have Transparent Huge Pages (THP) support enabled in your kernel. This will create latency and memory usage issues with Redis. To fix this issue run the command 'echo never > /sys/kernel/mm/transparent_hugepage/enabled' as root, and add it to your /etc/rc.local in order to retain the setting after a reboot. Redis must be restarted after THP is disabled.
44:M 03 Feb 14:06:58.190 * DB loaded from disk: 0.004 seconds
44:M 03 Feb 14:06:58.191 * Ready to accept connections
51:C 03 Feb 14:07:06.475 # oO0OoO0OoO0Oo Redis is starting oO0OoO0OoO0Oo
51:C 03 Feb 14:07:06.476 # Redis version=4.0.9, bits=64, commit=00000000, modified=0, pid=51, just started
51:C 03 Feb 14:07:06.477 # Warning: no config file specified, using the default config. In order to specify a config file use redis-server /path/to/redis.conf
51:M 03 Feb 14:07:06.478 # Creating Server TCP listening socket *:6379: bind: Address already in use
363:C 03 Feb 14:10:41.932 # oO0OoO0OoO0Oo Redis is starting oO0OoO0OoO0Oo
363:C 03 Feb 14:10:41.936 # Redis version=4.0.9, bits=64, commit=00000000, modified=0, pid=363, just started
363:C 03 Feb 14:10:41.937 # Warning: no config file specified, using the default config. In order to specify a config file use redis-server /path/to/redis.conf
363:M 03 Feb 14:10:41.939 # Creating Server TCP listening socket *:6379: bind: Address already in use
400:C 03 Feb 14:11:43.747 # oO0OoO0OoO0Oo Redis is starting oO0OoO0OoO0Oo
400:C 03 Feb 14:11:43.749 # Redis version=4.0.9, bits=64, commit=00000000, modified=0, pid=400, just started
400:C 03 Feb 14:11:43.749 # Warning: no config file specified, using the default config. In order to specify a config file use redis-server /path/to/redis.conf
400:M 03 Feb 14:11:43.751 # Creating Server TCP listening socket *:6379: bind: Address already in use
441:C 03 Feb 14:12:08.669 # oO0OoO0OoO0Oo Redis is starting oO0OoO0OoO0Oo
441:C 03 Feb 14:12:08.672 # Redis version=4.0.9, bits=64, commit=00000000, modified=0, pid=441, just started
441:C 03 Feb 14:12:08.674 # Warning: no config file specified, using the default config. In order to specify a config file use redis-server /path/to/redis.conf
441:M 03 Feb 14:12:08.677 # Creating Server TCP listening socket *:6379: bind: Address already in use
44:M 03 Feb 14:12:10.169 * DB saved on disk
44:M 03 Feb 14:12:49.967 * DB saved on disk
44:M 03 Feb 14:13:35.701 * DB saved on disk
44:M 03 Feb 14:13:42.352 * DB saved on disk
44:M 03 Feb 14:13:46.046 * DB saved on disk
6143:C 03 Feb 14:16:08.041 # oO0OoO0OoO0Oo Redis is starting oO0OoO0OoO0Oo
6143:C 03 Feb 14:16:08.045 # Redis version=4.0.9, bits=64, commit=00000000, modified=0, pid=6143, just started
6143:C 03 Feb 14:16:08.045 # Warning: no config file specified, using the default config. In order to specify a config file use redis-server /path/to/redis.conf
6143:M 03 Feb 14:16:08.048 # Creating Server TCP listening socket *:6379: bind: Address already in use
44:M 03 Feb 14:18:47.083 * 100 changes in 300 seconds. Saving...
44:M 03 Feb 14:18:47.091 * Background saving started by pid 6513
6513:C 03 Feb 14:18:47.107 * DB saved on disk
6513:C 03 Feb 14:18:47.110 * RDB: 0 MB of memory used by copy-on-write
44:M 03 Feb 14:18:47.197 * Background saving terminated with success
